   1              	 .syntax unified
   2              	 .cpu cortex-m4
   3              	 .eabi_attribute 27,3
   4              	 .fpu fpv4-sp-d16
   5              	 .eabi_attribute 20,1
   6              	 .eabi_attribute 21,1
   7              	 .eabi_attribute 23,3
   8              	 .eabi_attribute 24,1
   9              	 .eabi_attribute 25,1
  10              	 .eabi_attribute 26,1
  11              	 .eabi_attribute 30,4
  12              	 .eabi_attribute 34,1
  13              	 .eabi_attribute 18,4
  14              	 .thumb
  15              	 .file "pin_interrupt_conf.c"
  16              	 .global PIN_INTERRUPT_0
  17              	 .section .rodata.PIN_INTERRUPT_0,"a",%progbits
  18              	 .align 2
  21              	PIN_INTERRUPT_0:
  22 0000 00400440 	 .word 1074020352
  23 0004 00810248 	 .word 1208123648
  24 0008 00       	 .byte 0
  25 0009 00000000 	 .space 11
  25      00000000 
  25      000000
  26 0014 00       	 .byte 0
  27 0015 000000   	 .space 3
  28 0018 09       	 .byte 9
  29 0019 00       	 .byte 0
  30 001a 0000     	 .space 2
  31 001c 05       	 .byte 5
  32 001d 3F       	 .byte 63
  33 001e 00       	 .byte 0
  34 001f 01       	 .byte 1
  35 0020 00       	 .byte 0
  36 0021 0F       	 .byte 15
  37 0022 01       	 .byte 1
  38 0023 00       	 .space 1
  39              	 .ident "GCC: (GNU Tools for ARM Embedded Processors) 4.9.3 20141119 (release) [ARM/embedded-4_9-branch revision 218278]"
DEFINED SYMBOLS
                            *ABS*:00000000 pin_interrupt_conf.c
    {standard input}:21     .rodata.PIN_INTERRUPT_0:00000000 PIN_INTERRUPT_0
    {standard input}:18     .rodata.PIN_INTERRUPT_0:00000000 $d

NO UNDEFINED SYMBOLS
