   1              	 .syntax unified
   2              	 .cpu cortex-m4
   3              	 .eabi_attribute 27,3
   4              	 .fpu fpv4-sp-d16
   5              	 .eabi_attribute 20,1
   6              	 .eabi_attribute 21,1
   7              	 .eabi_attribute 23,3
   8              	 .eabi_attribute 24,1
   9              	 .eabi_attribute 25,1
  10              	 .eabi_attribute 26,1
  11              	 .eabi_attribute 30,6
  12              	 .eabi_attribute 34,1
  13              	 .eabi_attribute 18,4
  14              	 .thumb
  15              	 .file "DAVE.c"
  16              	 .text
  17              	.Ltext0:
  18              	 .cfi_sections .debug_frame
  19              	 .section .text.DAVE_Init,"ax",%progbits
  20              	 .align 2
  21              	 .weak DAVE_Init
  22              	 .thumb
  23              	 .thumb_func
  25              	DAVE_Init:
  26              	.LFB536:
  27              	 .file 1 "../Dave/Generated/DAVE.c"
   1:../Dave/Generated/DAVE.c **** 
   2:../Dave/Generated/DAVE.c **** /**
   3:../Dave/Generated/DAVE.c ****  * @cond
   4:../Dave/Generated/DAVE.c ****  **************************************************************************************************
   5:../Dave/Generated/DAVE.c ****  *
   6:../Dave/Generated/DAVE.c ****  * Copyright (c) 2015-2020, Infineon Technologies AG
   7:../Dave/Generated/DAVE.c ****  * All rights reserved.
   8:../Dave/Generated/DAVE.c ****  *
   9:../Dave/Generated/DAVE.c ****  * Redistribution and use in source and binary forms, with or without modification,are permitted pr
  10:../Dave/Generated/DAVE.c ****  * following conditions are met:
  11:../Dave/Generated/DAVE.c ****  *
  12:../Dave/Generated/DAVE.c ****  *   Redistributions of source code must retain the above copyright notice, this list of conditions
  13:../Dave/Generated/DAVE.c ****  *   disclaimer.
  14:../Dave/Generated/DAVE.c ****  *
  15:../Dave/Generated/DAVE.c ****  *   Redistributions in binary form must reproduce the above copyright notice, this list of conditi
  16:../Dave/Generated/DAVE.c ****  *   following disclaimer in the documentation and/or other materials provided with the distributio
  17:../Dave/Generated/DAVE.c ****  *
  18:../Dave/Generated/DAVE.c ****  *   Neither the name of the copyright holders nor the names of its contributors may be used to end
  19:../Dave/Generated/DAVE.c ****  *   products derived from this software without specific prior written permission.
  20:../Dave/Generated/DAVE.c ****  *
  21:../Dave/Generated/DAVE.c ****  * THIS SOFTWARE IS PROVIDED BY THE COPYRIGHT HOLDERS AND CONTRIBUTORS "AS IS" AND ANY EXPRESS OR I
  22:../Dave/Generated/DAVE.c ****  * INCLUDING, BUT NOT LIMITED TO, THE IMPLIED WARRANTIES OF MERCHANTABILITY AND FITNESS FOR A PARTI
  23:../Dave/Generated/DAVE.c ****  * DISCLAIMED. IN NO EVENT SHALL THE COPYRIGHT HOLDER OR CONTRIBUTORS BE LIABLE  FOR ANY DIRECT, IN
  24:../Dave/Generated/DAVE.c ****  * SPECIAL, EXEMPLARY, OR CONSEQUENTIAL DAMAGES (INCLUDING, BUT NOT LIMITED TO, PROCUREMENT OF SUBS
  25:../Dave/Generated/DAVE.c ****  * SERVICES; LOSS OF USE, DATA, OR PROFITS; OR BUSINESS INTERRUPTION) HOWEVER CAUSED AND ON ANY THE
  26:../Dave/Generated/DAVE.c ****  * WHETHER IN CONTRACT, STRICT LIABILITY,OR TORT (INCLUDING NEGLIGENCE OR OTHERWISE) ARISING IN ANY
  27:../Dave/Generated/DAVE.c ****  * USE OF THIS SOFTWARE, EVEN IF ADVISED OF THE POSSIBILITY OF SUCH DAMAGE.
  28:../Dave/Generated/DAVE.c ****  *
  29:../Dave/Generated/DAVE.c ****  * To improve the quality of the software, users are encouraged to share modifications, enhancement
  30:../Dave/Generated/DAVE.c ****  * with Infineon Technologies AG (dave@infineon.com).
  31:../Dave/Generated/DAVE.c ****  **************************************************************************************************
  32:../Dave/Generated/DAVE.c ****  *
  33:../Dave/Generated/DAVE.c ****  * Change History
  34:../Dave/Generated/DAVE.c ****  * --------------
  35:../Dave/Generated/DAVE.c ****  *
  36:../Dave/Generated/DAVE.c ****  * 2014-06-16:
  37:../Dave/Generated/DAVE.c ****  *     - Initial version<br>
  38:../Dave/Generated/DAVE.c ****  * 2015-08-28:
  39:../Dave/Generated/DAVE.c ****  *     - Added CLOCK_XMC1_Init conditionally
  40:../Dave/Generated/DAVE.c ****  * 2018-08-08:
  41:../Dave/Generated/DAVE.c ****  *     - Add creation of projectData.bak file
  42:../Dave/Generated/DAVE.c ****  * 2019-01-30:
  43:../Dave/Generated/DAVE.c ****  *     - Fix creation of projectData.bak file
  44:../Dave/Generated/DAVE.c ****  * 2019-04-29:
  45:../Dave/Generated/DAVE.c ****  *     - Make DAVE_Init() weak, the user can reimplement the function
  46:../Dave/Generated/DAVE.c ****  *
  47:../Dave/Generated/DAVE.c ****  * @endcond
  48:../Dave/Generated/DAVE.c ****  *
  49:../Dave/Generated/DAVE.c ****  */
  50:../Dave/Generated/DAVE.c **** 
  51:../Dave/Generated/DAVE.c **** /**************************************************************************************************
  52:../Dave/Generated/DAVE.c ****  * HEADER FILES
  53:../Dave/Generated/DAVE.c ****  **************************************************************************************************
  54:../Dave/Generated/DAVE.c **** #include "DAVE.h"
  55:../Dave/Generated/DAVE.c **** 
  56:../Dave/Generated/DAVE.c **** /**************************************************************************************************
  57:../Dave/Generated/DAVE.c ****  * API IMPLEMENTATION
  58:../Dave/Generated/DAVE.c ****  **************************************************************************************************
  59:../Dave/Generated/DAVE.c **** 
  60:../Dave/Generated/DAVE.c **** /*******************************************************************************
  61:../Dave/Generated/DAVE.c ****  * @brief This function initializes the APPs Init Functions.
  62:../Dave/Generated/DAVE.c ****  *
  63:../Dave/Generated/DAVE.c ****  * @param[in]  None
  64:../Dave/Generated/DAVE.c ****  *
  65:../Dave/Generated/DAVE.c ****  * @return  DAVE_STATUS_t <BR>
  66:../Dave/Generated/DAVE.c ****  ******************************************************************************/
  67:../Dave/Generated/DAVE.c **** __WEAK DAVE_STATUS_t DAVE_Init(void)
  68:../Dave/Generated/DAVE.c **** {
  28              	 .loc 1 68 0
  29              	 .cfi_startproc
  30              	 
  31              	 
  32 0000 80B5     	 push {r7,lr}
  33              	.LCFI0:
  34              	 .cfi_def_cfa_offset 8
  35              	 .cfi_offset 7,-8
  36              	 .cfi_offset 14,-4
  37 0002 82B0     	 sub sp,sp,#8
  38              	.LCFI1:
  39              	 .cfi_def_cfa_offset 16
  40 0004 00AF     	 add r7,sp,#0
  41              	.LCFI2:
  42              	 .cfi_def_cfa_register 7
  69:../Dave/Generated/DAVE.c ****   DAVE_STATUS_t init_status;
  70:../Dave/Generated/DAVE.c ****   
  71:../Dave/Generated/DAVE.c ****   init_status = DAVE_STATUS_SUCCESS;
  43              	 .loc 1 71 0
  44 0006 0023     	 movs r3,#0
  45 0008 FB71     	 strb r3,[r7,#7]
  72:../Dave/Generated/DAVE.c ****      /** @Initialization of APPs Init Functions */
  73:../Dave/Generated/DAVE.c ****      init_status = (DAVE_STATUS_t)CLOCK_XMC4_Init(&CLOCK_XMC4_0);
  46              	 .loc 1 73 0
  47 000a 2548     	 ldr r0,.L11
  48 000c FFF7FEFF 	 bl CLOCK_XMC4_Init
  49 0010 0346     	 mov r3,r0
  50 0012 FB71     	 strb r3,[r7,#7]
  74:../Dave/Generated/DAVE.c **** 
  75:../Dave/Generated/DAVE.c ****   if (init_status == DAVE_STATUS_SUCCESS)
  51              	 .loc 1 75 0
  52 0014 FB79     	 ldrb r3,[r7,#7]
  53 0016 002B     	 cmp r3,#0
  54 0018 04D1     	 bne .L2
  76:../Dave/Generated/DAVE.c ****   {
  77:../Dave/Generated/DAVE.c **** 	 /**  Initialization of DIGITAL_IO APP instance DIGITAL_IO_0 */
  78:../Dave/Generated/DAVE.c **** 	 init_status = (DAVE_STATUS_t)DIGITAL_IO_Init(&DIGITAL_IO_0); 
  55              	 .loc 1 78 0
  56 001a 2248     	 ldr r0,.L11+4
  57 001c FFF7FEFF 	 bl DIGITAL_IO_Init
  58 0020 0346     	 mov r3,r0
  59 0022 FB71     	 strb r3,[r7,#7]
  60              	.L2:
  79:../Dave/Generated/DAVE.c ****    } 
  80:../Dave/Generated/DAVE.c ****   if (init_status == DAVE_STATUS_SUCCESS)
  61              	 .loc 1 80 0
  62 0024 FB79     	 ldrb r3,[r7,#7]
  63 0026 002B     	 cmp r3,#0
  64 0028 04D1     	 bne .L3
  81:../Dave/Generated/DAVE.c ****   {
  82:../Dave/Generated/DAVE.c **** 	 /**  Initialization of TIMER APP instance TIMER_0 */
  83:../Dave/Generated/DAVE.c **** 	 init_status = (DAVE_STATUS_t)TIMER_Init(&TIMER_0); 
  65              	 .loc 1 83 0
  66 002a 1F48     	 ldr r0,.L11+8
  67 002c FFF7FEFF 	 bl TIMER_Init
  68 0030 0346     	 mov r3,r0
  69 0032 FB71     	 strb r3,[r7,#7]
  70              	.L3:
  84:../Dave/Generated/DAVE.c ****    } 
  85:../Dave/Generated/DAVE.c ****   if (init_status == DAVE_STATUS_SUCCESS)
  71              	 .loc 1 85 0
  72 0034 FB79     	 ldrb r3,[r7,#7]
  73 0036 002B     	 cmp r3,#0
  74 0038 04D1     	 bne .L4
  86:../Dave/Generated/DAVE.c ****   {
  87:../Dave/Generated/DAVE.c **** 	 /**  Initialization of INTERRUPT APP instance INTERRUPT_0 */
  88:../Dave/Generated/DAVE.c **** 	 init_status = (DAVE_STATUS_t)INTERRUPT_Init(&INTERRUPT_0); 
  75              	 .loc 1 88 0
  76 003a 1C48     	 ldr r0,.L11+12
  77 003c FFF7FEFF 	 bl INTERRUPT_Init
  78 0040 0346     	 mov r3,r0
  79 0042 FB71     	 strb r3,[r7,#7]
  80              	.L4:
  89:../Dave/Generated/DAVE.c ****    } 
  90:../Dave/Generated/DAVE.c ****   if (init_status == DAVE_STATUS_SUCCESS)
  81              	 .loc 1 90 0
  82 0044 FB79     	 ldrb r3,[r7,#7]
  83 0046 002B     	 cmp r3,#0
  84 0048 04D1     	 bne .L5
  91:../Dave/Generated/DAVE.c ****   {
  92:../Dave/Generated/DAVE.c **** 	 /**  Initialization of UART APP instance UART_0 */
  93:../Dave/Generated/DAVE.c **** 	 init_status = (DAVE_STATUS_t)UART_Init(&UART_0); 
  85              	 .loc 1 93 0
  86 004a 1948     	 ldr r0,.L11+16
  87 004c FFF7FEFF 	 bl UART_Init
  88 0050 0346     	 mov r3,r0
  89 0052 FB71     	 strb r3,[r7,#7]
  90              	.L5:
  94:../Dave/Generated/DAVE.c ****    } 
  95:../Dave/Generated/DAVE.c ****   if (init_status == DAVE_STATUS_SUCCESS)
  91              	 .loc 1 95 0
  92 0054 FB79     	 ldrb r3,[r7,#7]
  93 0056 002B     	 cmp r3,#0
  94 0058 04D1     	 bne .L6
  96:../Dave/Generated/DAVE.c ****   {
  97:../Dave/Generated/DAVE.c **** 	 /**  Initialization of PIN_INTERRUPT APP instance PIN_INTERRUPT_0 */
  98:../Dave/Generated/DAVE.c **** 	 init_status = (DAVE_STATUS_t)PIN_INTERRUPT_Init(&PIN_INTERRUPT_0); 
  95              	 .loc 1 98 0
  96 005a 1648     	 ldr r0,.L11+20
  97 005c FFF7FEFF 	 bl PIN_INTERRUPT_Init
  98 0060 0346     	 mov r3,r0
  99 0062 FB71     	 strb r3,[r7,#7]
 100              	.L6:
  99:../Dave/Generated/DAVE.c ****    } 
 100:../Dave/Generated/DAVE.c ****   if (init_status == DAVE_STATUS_SUCCESS)
 101              	 .loc 1 100 0
 102 0064 FB79     	 ldrb r3,[r7,#7]
 103 0066 002B     	 cmp r3,#0
 104 0068 04D1     	 bne .L7
 101:../Dave/Generated/DAVE.c ****   {
 102:../Dave/Generated/DAVE.c **** 	 /**  Initialization of ADC_MEASUREMENT APP instance ADC_MEASUREMENT_0 */
 103:../Dave/Generated/DAVE.c **** 	 init_status = (DAVE_STATUS_t)ADC_MEASUREMENT_Init(&ADC_MEASUREMENT_0); 
 105              	 .loc 1 103 0
 106 006a 1348     	 ldr r0,.L11+24
 107 006c FFF7FEFF 	 bl ADC_MEASUREMENT_Init
 108 0070 0346     	 mov r3,r0
 109 0072 FB71     	 strb r3,[r7,#7]
 110              	.L7:
 104:../Dave/Generated/DAVE.c ****    } 
 105:../Dave/Generated/DAVE.c ****   if (init_status == DAVE_STATUS_SUCCESS)
 111              	 .loc 1 105 0
 112 0074 FB79     	 ldrb r3,[r7,#7]
 113 0076 002B     	 cmp r3,#0
 114 0078 04D1     	 bne .L8
 106:../Dave/Generated/DAVE.c ****   {
 107:../Dave/Generated/DAVE.c **** 	 /**  Initialization of I2C_MASTER APP instance I2C_MASTER_0 */
 108:../Dave/Generated/DAVE.c **** 	 init_status = (DAVE_STATUS_t)I2C_MASTER_Init(&I2C_MASTER_0); 
 115              	 .loc 1 108 0
 116 007a 1048     	 ldr r0,.L11+28
 117 007c FFF7FEFF 	 bl I2C_MASTER_Init
 118 0080 0346     	 mov r3,r0
 119 0082 FB71     	 strb r3,[r7,#7]
 120              	.L8:
 109:../Dave/Generated/DAVE.c ****    } 
 110:../Dave/Generated/DAVE.c ****   if (init_status == DAVE_STATUS_SUCCESS)
 121              	 .loc 1 110 0
 122 0084 FB79     	 ldrb r3,[r7,#7]
 123 0086 002B     	 cmp r3,#0
 124 0088 04D1     	 bne .L9
 111:../Dave/Generated/DAVE.c ****   {
 112:../Dave/Generated/DAVE.c **** 	 /**  Initialization of CAN_NODE APP instance CAN_NODE_0 */
 113:../Dave/Generated/DAVE.c **** 	 init_status = (DAVE_STATUS_t)CAN_NODE_Init(&CAN_NODE_0); 
 125              	 .loc 1 113 0
 126 008a 0D48     	 ldr r0,.L11+32
 127 008c FFF7FEFF 	 bl CAN_NODE_Init
 128 0090 0346     	 mov r3,r0
 129 0092 FB71     	 strb r3,[r7,#7]
 130              	.L9:
 114:../Dave/Generated/DAVE.c ****    }  
 115:../Dave/Generated/DAVE.c ****   return init_status;
 131              	 .loc 1 115 0
 132 0094 FB79     	 ldrb r3,[r7,#7]
 116:../Dave/Generated/DAVE.c **** } /**  End of function DAVE_Init */
 133              	 .loc 1 116 0
 134 0096 1846     	 mov r0,r3
 135 0098 0837     	 adds r7,r7,#8
 136              	.LCFI3:
 137              	 .cfi_def_cfa_offset 8
 138 009a BD46     	 mov sp,r7
 139              	.LCFI4:
 140              	 .cfi_def_cfa_register 13
 141              	 
 142 009c 80BD     	 pop {r7,pc}
 143              	.L12:
 144 009e 00BF     	 .align 2
 145              	.L11:
 146 00a0 00000000 	 .word CLOCK_XMC4_0
 147 00a4 00000000 	 .word DIGITAL_IO_0
 148 00a8 00000000 	 .word TIMER_0
 149 00ac 00000000 	 .word INTERRUPT_0
 150 00b0 00000000 	 .word UART_0
 151 00b4 00000000 	 .word PIN_INTERRUPT_0
 152 00b8 00000000 	 .word ADC_MEASUREMENT_0
 153 00bc 00000000 	 .word I2C_MASTER_0
 154 00c0 00000000 	 .word CAN_NODE_0
 155              	 .cfi_endproc
 156              	.LFE536:
 158              	 .text
 159              	.Letext0:
 160              	 .file 2 "c:\\infineon\\tools\\dave ide\\4.5.0.202105191637\\eclipse\\arm-gcc-49\\arm-none-eabi\\include\\machine\\_default_types.h"
 161              	 .file 3 "c:\\infineon\\tools\\dave ide\\4.5.0.202105191637\\eclipse\\arm-gcc-49\\arm-none-eabi\\include\\stdint.h"
 162              	 .file 4 "C:/Infineon/Tools/DAVE IDE/4.5.0.202105191637/eclipse/workspace/SISEM_2026_2DA_08_A/Libraries/CMSIS/Infineon/XMC4200_series/Include/XMC4200.h"
 163              	 .file 5 "C:/Infineon/Tools/DAVE IDE/4.5.0.202105191637/eclipse/workspace/SISEM_2026_2DA_08_A/Libraries/XMCLib/inc/xmc_gpio.h"
 164              	 .file 6 "C:/Infineon/Tools/DAVE IDE/4.5.0.202105191637/eclipse/workspace/SISEM_2026_2DA_08_A/Libraries/XMCLib/inc/xmc4_gpio.h"
 165              	 .file 7 "../Dave/Generated/DIGITAL_IO/digital_io.h"
 166              	 .file 8 "C:/Infineon/Tools/DAVE IDE/4.5.0.202105191637/eclipse/workspace/SISEM_2026_2DA_08_A/Libraries/XMCLib/inc/xmc4_scu.h"
 167              	 .file 9 "../Dave/Generated/CLOCK_XMC4/clock_xmc4.h"
 168              	 .file 10 "C:/Infineon/Tools/DAVE IDE/4.5.0.202105191637/eclipse/workspace/SISEM_2026_2DA_08_A/Libraries/XMCLib/inc/xmc_ccu4.h"
 169              	 .file 11 "../Dave/Generated/GLOBAL_CCU4/global_ccu4.h"
 170              	 .file 12 "../Dave/Generated/TIMER/timer.h"
 171              	 .file 13 "../Dave/Generated/INTERRUPT/interrupt.h"
 172              	 .file 14 "C:/Infineon/Tools/DAVE IDE/4.5.0.202105191637/eclipse/workspace/SISEM_2026_2DA_08_A/Libraries/XMCLib/inc/xmc_usic.h"
 173              	 .file 15 "C:/Infineon/Tools/DAVE IDE/4.5.0.202105191637/eclipse/workspace/SISEM_2026_2DA_08_A/Libraries/XMCLib/inc/xmc_uart.h"
 174              	 .file 16 "../Dave/Generated/UART/uart.h"
 175              	 .file 17 "C:/Infineon/Tools/DAVE IDE/4.5.0.202105191637/eclipse/workspace/SISEM_2026_2DA_08_A/Libraries/XMCLib/inc/xmc_eru.h"
 176              	 .file 18 "../Dave/Generated/PIN_INTERRUPT/pin_interrupt.h"
 177              	 .file 19 "C:/Infineon/Tools/DAVE IDE/4.5.0.202105191637/eclipse/workspace/SISEM_2026_2DA_08_A/Libraries/XMCLib/inc/xmc_vadc.h"
 178              	 .file 20 "../Dave/Generated/GLOBAL_ADC/global_adc.h"
 179              	 .file 21 "../Dave/Generated/ADC_MEASUREMENT/adc_measurement.h"
 180              	 .file 22 "C:/Infineon/Tools/DAVE IDE/4.5.0.202105191637/eclipse/workspace/SISEM_2026_2DA_08_A/Libraries/XMCLib/inc/xmc_i2c.h"
 181              	 .file 23 "../Dave/Generated/I2C_MASTER/i2c_master.h"
 182              	 .file 24 "C:/Infineon/Tools/DAVE IDE/4.5.0.202105191637/eclipse/workspace/SISEM_2026_2DA_08_A/Libraries/XMCLib/inc/xmc_can.h"
 183              	 .file 25 "../Dave/Generated/GLOBAL_CAN/global_can.h"
 184              	 .file 26 "../Dave/Generated/CAN_NODE/can_node.h"
 185              	 .file 27 "../Dave/Generated/DAVE.h"
 186              	 .file 28 "C:/Infineon/Tools/DAVE IDE/4.5.0.202105191637/eclipse/workspace/SISEM_2026_2DA_08_A/Libraries/CMSIS/Include/cmsis_gcc.h"
 187              	 .file 29 "C:/Infineon/Tools/DAVE IDE/4.5.0.202105191637/eclipse/workspace/SISEM_2026_2DA_08_A/Libraries/CMSIS/Include/core_cm4.h"
 188              	 .file 30 "C:/Infineon/Tools/DAVE IDE/4.5.0.202105191637/eclipse/workspace/SISEM_2026_2DA_08_A/Libraries/CMSIS/Infineon/XMC4200_series/Include/system_XMC4200.h"
 189              	 .file 31 "../Dave/Generated/DIGITAL_IO/digital_io_extern.h"
 190              	 .file 32 "../Dave/Generated/CLOCK_XMC4/clock_xmc4_extern.h"
 191              	 .file 33 "../Dave/Generated/TIMER/timer_extern.h"
 192              	 .file 34 "../Dave/Generated/INTERRUPT/interrupt_extern.h"
 193              	 .file 35 "../Dave/Generated/UART/uart_extern.h"
 194              	 .file 36 "../Dave/Generated/PIN_INTERRUPT/pin_interrupt_extern.h"
 195              	 .file 37 "../Dave/Generated/ADC_MEASUREMENT/adc_measurement_extern.h"
 196              	 .file 38 "../Dave/Generated/I2C_MASTER/i2c_master_extern.h"
 197              	 .file 39 "../Dave/Generated/CAN_NODE/can_node_extern.h"
DEFINED SYMBOLS
                            *ABS*:00000000 DAVE.c
    {standard input}:20     .text.DAVE_Init:00000000 $t
    {standard input}:25     .text.DAVE_Init:00000000 DAVE_Init
    {standard input}:146    .text.DAVE_Init:000000a0 $d
                     .debug_frame:00000010 $d

UNDEFINED SYMBOLS
CLOCK_XMC4_Init
DIGITAL_IO_Init
TIMER_Init
INTERRUPT_Init
UART_Init
PIN_INTERRUPT_Init
ADC_MEASUREMENT_Init
I2C_MASTER_Init
CAN_NODE_Init
CLOCK_XMC4_0
DIGITAL_IO_0
TIMER_0
INTERRUPT_0
UART_0
PIN_INTERRUPT_0
ADC_MEASUREMENT_0
I2C_MASTER_0
CAN_NODE_0
