   1              	 .syntax unified
   2              	 .cpu cortex-m4
   3              	 .eabi_attribute 27,3
   4              	 .fpu fpv4-sp-d16
   5              	 .eabi_attribute 20,1
   6              	 .eabi_attribute 21,1
   7              	 .eabi_attribute 23,3
   8              	 .eabi_attribute 24,1
   9              	 .eabi_attribute 25,1
  10              	 .eabi_attribute 26,1
  11              	 .eabi_attribute 30,4
  12              	 .eabi_attribute 34,1
  13              	 .eabi_attribute 18,4
  14              	 .thumb
  15              	 .file "clock_xmc4_conf.c"
  16              	 .section .text.SystemCoreClockSetup,"ax",%progbits
  17              	 .align 1
  18              	 .global SystemCoreClockSetup
  19              	 .thumb
  20              	 .thumb_func
  22              	SystemCoreClockSetup:
  23              	 
  24              	 
  25 0000 30B5     	 push {r4,r5,lr}
  26 0002 104D     	 ldr r5,.L2
  27 0004 0FCD     	 ldmia r5!,{r0,r1,r2,r3}
  28 0006 87B0     	 sub sp,sp,#28
  29 0008 01AC     	 add r4,sp,#4
  30 000a 0FC4     	 stmia r4!,{r0,r1,r2,r3}
  31 000c 2B68     	 ldr r3,[r5]
  32 000e 2360     	 str r3,[r4]
  33 0010 01A8     	 add r0,sp,#4
  34 0012 FFF7FEFF 	 bl XMC_SCU_CLOCK_Init
  35 0016 0020     	 movs r0,#0
  36 0018 FFF7FEFF 	 bl XMC_SCU_HIB_SetRtcClockSource
  37 001c 0020     	 movs r0,#0
  38 001e FFF7FEFF 	 bl XMC_SCU_CLOCK_SetUsbClockSource
  39 0022 0420     	 movs r0,#4
  40 0024 FFF7FEFF 	 bl XMC_SCU_CLOCK_SetUsbClockDivider
  41 0028 FFF7FEFF 	 bl XMC_SCU_CLOCK_EnableUsbPll
  42 002c 2021     	 movs r1,#32
  43 002e 0120     	 movs r0,#1
  44 0030 FFF7FEFF 	 bl XMC_SCU_CLOCK_StartUsbPll
  45 0034 0020     	 movs r0,#0
  46 0036 FFF7FEFF 	 bl XMC_SCU_CLOCK_SetWdtClockSource
  47 003a 0120     	 movs r0,#1
  48 003c FFF7FEFF 	 bl XMC_SCU_CLOCK_SetWdtClockDivider
  49 0040 07B0     	 add sp,sp,#28
  50              	 
  51 0042 30BD     	 pop {r4,r5,pc}
  52              	.L3:
  53              	 .align 2
  54              	.L2:
  55 0044 00000000 	 .word .LANCHOR0
  57              	 .global CLOCK_XMC4_0
  58              	 .section .rodata
  59              	 .align 2
  60              	 .set .LANCHOR0,.+0
  61              	.LC0:
  62 0000 50       	 .byte 80
  63 0001 03       	 .byte 3
  64 0002 04       	 .byte 4
  65 0003 01       	 .byte 1
  66 0004 0000     	 .short 0
  67 0006 01       	 .byte 1
  68 0007 00       	 .byte 0
  69 0008 00       	 .byte 0
  70 0009 00       	 .byte 0
  71 000a 0000     	 .space 2
  72 000c 00000100 	 .word 65536
  73 0010 01       	 .byte 1
  74 0011 01       	 .byte 1
  75 0012 01       	 .byte 1
  76 0013 01       	 .byte 1
  77              	 .section .bss.CLOCK_XMC4_0,"aw",%nobits
  80              	CLOCK_XMC4_0:
  81 0000 00       	 .space 1
  82              	 .ident "GCC: (GNU Tools for ARM Embedded Processors) 4.9.3 20141119 (release) [ARM/embedded-4_9-branch revision 218278]"
DEFINED SYMBOLS
                            *ABS*:00000000 clock_xmc4_conf.c
    {standard input}:17     .text.SystemCoreClockSetup:00000000 $t
    {standard input}:22     .text.SystemCoreClockSetup:00000000 SystemCoreClockSetup
    {standard input}:55     .text.SystemCoreClockSetup:00000044 $d
    {standard input}:80     .bss.CLOCK_XMC4_0:00000000 CLOCK_XMC4_0
    {standard input}:59     .rodata:00000000 $d
    {standard input}:81     .bss.CLOCK_XMC4_0:00000000 $d

UNDEFINED SYMBOLS
XMC_SCU_CLOCK_Init
XMC_SCU_HIB_SetRtcClockSource
XMC_SCU_CLOCK_SetUsbClockSource
XMC_SCU_CLOCK_SetUsbClockDivider
XMC_SCU_CLOCK_EnableUsbPll
XMC_SCU_CLOCK_StartUsbPll
XMC_SCU_CLOCK_SetWdtClockSource
XMC_SCU_CLOCK_SetWdtClockDivider
