   1              	 .syntax unified
   2              	 .cpu cortex-m4
   3              	 .eabi_attribute 27,3
   4              	 .fpu fpv4-sp-d16
   5              	 .eabi_attribute 20,1
   6              	 .eabi_attribute 21,1
   7              	 .eabi_attribute 23,3
   8              	 .eabi_attribute 24,1
   9              	 .eabi_attribute 25,1
  10              	 .eabi_attribute 26,1
  11              	 .eabi_attribute 30,4
  12              	 .eabi_attribute 34,1
  13              	 .eabi_attribute 18,4
  14              	 .thumb
  15              	 .file "app.c"
  16              	 .section .text.APP_Init,"ax",%progbits
  17              	 .align 1
  18              	 .global APP_Init
  19              	 .thumb
  20              	 .thumb_func
  22              	APP_Init:
  23              	 
  24              	 
  25 0000 08B5     	 push {r3,lr}
  26 0002 FFF7FEFF 	 bl LED_Init
  27 0006 FFF7FEFF 	 bl APP_UART_Init
  28 000a FFF7FEFF 	 bl APP_AHT10_Init
  29 000e FFF7FEFF 	 bl LCD_Init
  30 0012 BDE80840 	 pop {r3,lr}
  31 0016 FFF7FEBF 	 b Bluetooth_Init
  33              	 .section .text.APP_Run,"ax",%progbits
  34              	 .align 1
  35              	 .global APP_Run
  36              	 .thumb
  37              	 .thumb_func
  39              	APP_Run:
  40              	 
  41              	 
  42 0000 08B5     	 push {r3,lr}
  43 0002 FFF7FEFF 	 bl ADC_Update
  44 0006 FFF7FEFF 	 bl APP_UART_Task
  45 000a FFF7FEFF 	 bl LCD_Task
  46 000e FFF7FEFF 	 bl APP_CAN_Task
  47 0012 BDE80840 	 pop {r3,lr}
  48 0016 FFF7FEBF 	 b Bluetooth_Task
  50              	 .ident "GCC: (GNU Tools for ARM Embedded Processors) 4.9.3 20141119 (release) [ARM/embedded-4_9-branch revision 218278]"
DEFINED SYMBOLS
                            *ABS*:00000000 app.c
    {standard input}:17     .text.APP_Init:00000000 $t
    {standard input}:22     .text.APP_Init:00000000 APP_Init
    {standard input}:34     .text.APP_Run:00000000 $t
    {standard input}:39     .text.APP_Run:00000000 APP_Run

UNDEFINED SYMBOLS
LED_Init
APP_UART_Init
APP_AHT10_Init
LCD_Init
Bluetooth_Init
ADC_Update
APP_UART_Task
LCD_Task
APP_CAN_Task
Bluetooth_Task
