   1              	 .syntax unified
   2              	 .cpu cortex-m4
   3              	 .eabi_attribute 27,3
   4              	 .fpu fpv4-sp-d16
   5              	 .eabi_attribute 20,1
   6              	 .eabi_attribute 21,1
   7              	 .eabi_attribute 23,3
   8              	 .eabi_attribute 24,1
   9              	 .eabi_attribute 25,1
  10              	 .eabi_attribute 26,1
  11              	 .eabi_attribute 30,4
  12              	 .eabi_attribute 34,1
  13              	 .eabi_attribute 18,4
  14              	 .thumb
  15              	 .file "main.c"
  16              	 .section .text.CCU41_1_IRQHandler,"ax",%progbits
  17              	 .align 1
  18              	 .global CCU41_1_IRQHandler
  19              	 .thumb
  20              	 .thumb_func
  22              	CCU41_1_IRQHandler:
  23              	 
  24              	 
  25 0000 08B5     	 push {r3,lr}
  26 0002 FFF7FEFF 	 bl LED_TimerTask
  27 0006 074A     	 ldr r2,.L6
  28 0008 1378     	 ldrb r3,[r2]
  29 000a 0133     	 adds r3,r3,#1
  30 000c DBB2     	 uxtb r3,r3
  31 000e 042B     	 cmp r3,#4
  32 0010 01D8     	 bhi .L2
  33 0012 1370     	 strb r3,[r2]
  34 0014 08BD     	 pop {r3,pc}
  35              	.L2:
  36 0016 0023     	 movs r3,#0
  37 0018 1370     	 strb r3,[r2]
  38 001a BDE80840 	 pop {r3,lr}
  39 001e FFF7FEBF 	 b APP_CAN_RequestTx
  40              	.L7:
  41 0022 00BF     	 .align 2
  42              	.L6:
  43 0024 00000000 	 .word .LANCHOR0
  45              	 .section .text.ERU1_0_IRQHandler,"ax",%progbits
  46              	 .align 1
  47              	 .global ERU1_0_IRQHandler
  48              	 .thumb
  49              	 .thumb_func
  51              	ERU1_0_IRQHandler:
  52              	 
  53              	 
  54              	 
  55 0000 FFF7FEBF 	 b LED_ButtonTask
  57              	 .section .text.startup.main,"ax",%progbits
  58              	 .align 1
  59              	 .global main
  60              	 .thumb
  61              	 .thumb_func
  63              	main:
  64              	 
  65              	 
  66              	 
  67 0000 08B5     	 push {r3,lr}
  68 0002 FFF7FEFF 	 bl DAVE_Init
  69 0006 00B1     	 cbz r0,.L10
  70              	.L13:
  71 0008 FEE7     	 b .L13
  72              	.L10:
  73 000a FFF7FEFF 	 bl APP_Init
  74              	.L12:
  75 000e FFF7FEFF 	 bl APP_Run
  76 0012 FCE7     	 b .L12
  78              	 .section .bss.can_counter.11019,"aw",%nobits
  79              	 .set .LANCHOR0,.+0
  82              	can_counter.11019:
  83 0000 00       	 .space 1
  84              	 .ident "GCC: (GNU Tools for ARM Embedded Processors) 4.9.3 20141119 (release) [ARM/embedded-4_9-branch revision 218278]"
DEFINED SYMBOLS
                            *ABS*:00000000 main.c
    {standard input}:17     .text.CCU41_1_IRQHandler:00000000 $t
    {standard input}:22     .text.CCU41_1_IRQHandler:00000000 CCU41_1_IRQHandler
    {standard input}:43     .text.CCU41_1_IRQHandler:00000024 $d
    {standard input}:46     .text.ERU1_0_IRQHandler:00000000 $t
    {standard input}:51     .text.ERU1_0_IRQHandler:00000000 ERU1_0_IRQHandler
    {standard input}:58     .text.startup.main:00000000 $t
    {standard input}:63     .text.startup.main:00000000 main
    {standard input}:82     .bss.can_counter.11019:00000000 can_counter.11019
    {standard input}:83     .bss.can_counter.11019:00000000 $d

UNDEFINED SYMBOLS
LED_TimerTask
APP_CAN_RequestTx
LED_ButtonTask
DAVE_Init
APP_Init
APP_Run
