   1              	 .syntax unified
   2              	 .cpu cortex-m4
   3              	 .eabi_attribute 27,3
   4              	 .fpu fpv4-sp-d16
   5              	 .eabi_attribute 20,1
   6              	 .eabi_attribute 21,1
   7              	 .eabi_attribute 23,3
   8              	 .eabi_attribute 24,1
   9              	 .eabi_attribute 25,1
  10              	 .eabi_attribute 26,1
  11              	 .eabi_attribute 30,4
  12              	 .eabi_attribute 34,1
  13              	 .eabi_attribute 18,4
  14              	 .thumb
  15              	 .file "global_adc.c"
  16              	 .section .text.GLOBAL_ADC_GetAppVersion,"ax",%progbits
  17              	 .align 1
  18              	 .global GLOBAL_ADC_GetAppVersion
  19              	 .thumb
  20              	 .thumb_func
  22              	GLOBAL_ADC_GetAppVersion:
  23              	 
  24              	 
  25              	 
  26 0000 0023     	 movs r3,#0
  27 0002 1846     	 mov r0,r3
  28 0004 0422     	 movs r2,#4
  29 0006 62F30700 	 bfi r0,r2,#0,#8
  30 000a 63F30F20 	 bfi r0,r3,#8,#8
  31 000e 1623     	 movs r3,#22
  32 0010 63F31740 	 bfi r0,r3,#16,#8
  33 0014 82B0     	 sub sp,sp,#8
  34 0016 02B0     	 add sp,sp,#8
  35              	 
  36 0018 7047     	 bx lr
  38              	 .section .text.GLOBAL_ADC_Init,"ax",%progbits
  39              	 .align 1
  40              	 .global GLOBAL_ADC_Init
  41              	 .thumb
  42              	 .thumb_func
  44              	GLOBAL_ADC_Init:
  45              	 
  46              	 
  47 0000 F8B5     	 push {r3,r4,r5,r6,r7,lr}
  48 0002 037C     	 ldrb r3,[r0,#16]
  49 0004 022B     	 cmp r3,#2
  50 0006 0446     	 mov r4,r0
  51 0008 29D1     	 bne .L3
  52 000a C068     	 ldr r0,[r0,#12]
  53 000c A168     	 ldr r1,[r4,#8]
  54 000e FFF7FEFF 	 bl XMC_VADC_GLOBAL_Init
  55 0012 261F     	 subs r6,r4,#4
  56 0014 0027     	 movs r7,#0
  57              	.L5:
  58 0016 56F8043F 	 ldr r3,[r6,#4]!
  59 001a 93E80300 	 ldmia r3,{r0,r1}
  60 001e FFF7FEFF 	 bl XMC_VADC_GROUP_Init
  61 0022 3368     	 ldr r3,[r6]
  62 0024 0321     	 movs r1,#3
  63 0026 1868     	 ldr r0,[r3]
  64 0028 FFF7FEFF 	 bl XMC_VADC_GROUP_SetPowerMode
  65 002c 3168     	 ldr r1,[r6]
  66 002e 0B7A     	 ldrb r3,[r1,#8]
  67 0030 4BB9     	 cbnz r3,.L4
  68 0032 E068     	 ldr r0,[r4,#12]
  69 0034 07F11005 	 add r5,r7,#16
  70 0038 D0F88020 	 ldr r2,[r0,#128]
  71 003c 0123     	 movs r3,#1
  72 003e AB40     	 lsls r3,r3,r5
  73 0040 1343     	 orrs r3,r3,r2
  74 0042 C0F88030 	 str r3,[r0,#128]
  75              	.L4:
  76 0046 0023     	 movs r3,#0
  77 0048 4B72     	 strb r3,[r1,#9]
  78 004a 1D46     	 mov r5,r3
  79 004c 0FB9     	 cbnz r7,.L12
  80 004e 0127     	 movs r7,#1
  81 0050 E1E7     	 b .L5
  82              	.L12:
  83 0052 637C     	 ldrb r3,[r4,#17]
  84 0054 13B1     	 cbz r3,.L6
  85 0056 E068     	 ldr r0,[r4,#12]
  86 0058 FFF7FEFF 	 bl XMC_VADC_GLOBAL_StartupCalibration
  87              	.L6:
  88 005c 2574     	 strb r5,[r4,#16]
  89              	.L3:
  90 005e 207C     	 ldrb r0,[r4,#16]
  91 0060 F8BD     	 pop {r3,r4,r5,r6,r7,pc}
  93              	 .ident "GCC: (GNU Tools for ARM Embedded Processors) 4.9.3 20141119 (release) [ARM/embedded-4_9-branch revision 218278]"
DEFINED SYMBOLS
                            *ABS*:00000000 global_adc.c
    {standard input}:17     .text.GLOBAL_ADC_GetAppVersion:00000000 $t
    {standard input}:22     .text.GLOBAL_ADC_GetAppVersion:00000000 GLOBAL_ADC_GetAppVersion
    {standard input}:39     .text.GLOBAL_ADC_Init:00000000 $t
    {standard input}:44     .text.GLOBAL_ADC_Init:00000000 GLOBAL_ADC_Init

UNDEFINED SYMBOLS
XMC_VADC_GLOBAL_Init
XMC_VADC_GROUP_Init
XMC_VADC_GROUP_SetPowerMode
XMC_VADC_GLOBAL_StartupCalibration
