   1              	 .syntax unified
   2              	 .cpu cortex-m4
   3              	 .eabi_attribute 27,3
   4              	 .fpu fpv4-sp-d16
   5              	 .eabi_attribute 20,1
   6              	 .eabi_attribute 21,1
   7              	 .eabi_attribute 23,3
   8              	 .eabi_attribute 24,1
   9              	 .eabi_attribute 25,1
  10              	 .eabi_attribute 26,1
  11              	 .eabi_attribute 30,4
  12              	 .eabi_attribute 34,1
  13              	 .eabi_attribute 18,4
  14              	 .thumb
  15              	 .file "xmc_usbd.c"
  16              	 .section .text.XMC_USBD_lReadFifo,"ax",%progbits
  17              	 .align 1
  18              	 .thumb
  19              	 .thumb_func
  21              	XMC_USBD_lReadFifo:
  22              	 
  23              	 
  24 0000 F0B5     	 push {r4,r5,r6,r7,lr}
  25 0002 1F4C     	 ldr r4,.L17
  26 0004 04EB8003 	 add r3,r4,r0,lsl#2
  27 0008 D4F8E051 	 ldr r5,[r4,#480]
  28 000c D3F8C431 	 ldr r3,[r3,#452]
  29 0010 1B68     	 ldr r3,[r3]
  30 0012 1B04     	 lsls r3,r3,#16
  31 0014 32D5     	 bpl .L1
  32 0016 3423     	 movs r3,#52
  33 0018 03FB0043 	 mla r3,r3,r0,r4
  34 001c 5B6A     	 ldr r3,[r3,#36]
  35 001e 6BB3     	 cbz r3,.L1
  36 0020 8E08     	 lsrs r6,r1,#2
  37 0022 0022     	 movs r2,#0
  38              	.L3:
  39 0024 B242     	 cmp r2,r6
  40 0026 08D0     	 beq .L16
  41 0028 3423     	 movs r3,#52
  42 002a 03FB0043 	 mla r3,r3,r0,r4
  43 002e 2F68     	 ldr r7,[r5]
  44 0030 5B6A     	 ldr r3,[r3,#36]
  45 0032 43F82270 	 str r7,[r3,r2,lsl#2]
  46 0036 0132     	 adds r2,r2,#1
  47 0038 F4E7     	 b .L3
  48              	.L16:
  49 003a 9300     	 lsls r3,r2,#2
  50 003c 9942     	 cmp r1,r3
  51 003e 09D1     	 bne .L5
  52              	.L8:
  53 0040 3423     	 movs r3,#52
  54 0042 03FB0044 	 mla r4,r3,r0,r4
  55 0046 E36A     	 ldr r3,[r4,#44]
  56 0048 0B44     	 add r3,r3,r1
  57 004a E362     	 str r3,[r4,#44]
  58 004c 636A     	 ldr r3,[r4,#36]
  59 004e 1944     	 add r1,r1,r3
  60 0050 6162     	 str r1,[r4,#36]
  61 0052 F0BD     	 pop {r4,r5,r6,r7,pc}
  62              	.L5:
  63 0054 D207     	 lsls r2,r2,#31
  64 0056 2F68     	 ldr r7,[r5]
  65 0058 D21A     	 subs r2,r2,r3
  66              	.L6:
  67 005a 8B42     	 cmp r3,r1
  68 005c F0D2     	 bcs .L8
  69 005e 3425     	 movs r5,#52
  70 0060 05FB0045 	 mla r5,r5,r0,r4
  71 0064 9E18     	 adds r6,r3,r2
  72 0066 F600     	 lsls r6,r6,#3
  73 0068 D5F824E0 	 ldr lr,[r5,#36]
  74 006c FF25     	 movs r5,#255
  75 006e B540     	 lsls r5,r5,r6
  76 0070 3D40     	 ands r5,r5,r7
  77 0072 F540     	 lsrs r5,r5,r6
  78 0074 0EF80350 	 strb r5,[lr,r3]
  79 0078 0133     	 adds r3,r3,#1
  80 007a EEE7     	 b .L6
  81              	.L1:
  82 007c F0BD     	 pop {r4,r5,r6,r7,pc}
  83              	.L18:
  84 007e 00BF     	 .align 2
  85              	.L17:
  86 0080 00000000 	 .word xmc_device
  88              	 .section .text.XMC_USBD_lFlushTXFifo,"ax",%progbits
  89              	 .align 1
  90              	 .thumb
  91              	 .thumb_func
  93              	XMC_USBD_lFlushTXFifo:
  94              	 
  95              	 
  96              	 
  97 0000 82B0     	 sub sp,sp,#8
  98 0002 0023     	 movs r3,#0
  99 0004 0193     	 str r3,[sp,#4]
 100 0006 019B     	 ldr r3,[sp,#4]
 101 0008 43F02003 	 orr r3,r3,#32
 102 000c 0193     	 str r3,[sp,#4]
 103 000e 019B     	 ldr r3,[sp,#4]
 104 0010 00F01F00 	 and r0,r0,#31
 105 0014 23F4F863 	 bic r3,r3,#1984
 106 0018 43EA8010 	 orr r0,r3,r0,lsl#6
 107 001c 064B     	 ldr r3,.L22
 108 001e 0190     	 str r0,[sp,#4]
 109 0020 D3F8A031 	 ldr r3,[r3,#416]
 110 0024 019A     	 ldr r2,[sp,#4]
 111 0026 1A61     	 str r2,[r3,#16]
 112              	.L20:
 113 0028 1A69     	 ldr r2,[r3,#16]
 114 002a 0192     	 str r2,[sp,#4]
 115 002c 019A     	 ldr r2,[sp,#4]
 116 002e 9206     	 lsls r2,r2,#26
 117 0030 FAD4     	 bmi .L20
 118 0032 02B0     	 add sp,sp,#8
 119              	 
 120 0034 7047     	 bx lr
 121              	.L23:
 122 0036 00BF     	 .align 2
 123              	.L22:
 124 0038 00000000 	 .word xmc_device
 126              	 .section .text.XMC_USBD_lFlushRXFifo,"ax",%progbits
 127              	 .align 1
 128              	 .thumb
 129              	 .thumb_func
 131              	XMC_USBD_lFlushRXFifo:
 132              	 
 133              	 
 134              	 
 135 0000 82B0     	 sub sp,sp,#8
 136 0002 0023     	 movs r3,#0
 137 0004 0193     	 str r3,[sp,#4]
 138 0006 019B     	 ldr r3,[sp,#4]
 139 0008 43F01003 	 orr r3,r3,#16
 140 000c 0193     	 str r3,[sp,#4]
 141 000e 064B     	 ldr r3,.L27
 142 0010 019A     	 ldr r2,[sp,#4]
 143 0012 D3F8A031 	 ldr r3,[r3,#416]
 144 0016 1A61     	 str r2,[r3,#16]
 145              	.L25:
 146 0018 1A69     	 ldr r2,[r3,#16]
 147 001a 0192     	 str r2,[sp,#4]
 148 001c 019A     	 ldr r2,[sp,#4]
 149 001e D206     	 lsls r2,r2,#27
 150 0020 FAD4     	 bmi .L25
 151 0022 02B0     	 add sp,sp,#8
 152              	 
 153 0024 7047     	 bx lr
 154              	.L28:
 155 0026 00BF     	 .align 2
 156              	.L27:
 157 0028 00000000 	 .word xmc_device
 159              	 .section .text.XMC_USBD_lStartReadXfer,"ax",%progbits
 160              	 .align 1
 161              	 .thumb
 162              	 .thumb_func
 164              	XMC_USBD_lStartReadXfer:
 165              	 
 166              	 
 167 0000 826A     	 ldr r2,[r0,#40]
 168 0002 8168     	 ldr r1,[r0,#8]
 169 0004 30B5     	 push {r4,r5,lr}
 170 0006 046B     	 ldr r4,[r0,#48]
 171 0008 C1F31201 	 ubfx r1,r1,#0,#19
 172 000c A51A     	 subs r5,r4,r2
 173 000e 8D42     	 cmp r5,r1
 174 0010 88BF     	 it hi
 175 0012 5218     	 addhi r2,r2,r1
 176 0014 0178     	 ldrb r1,[r0]
 177 0016 8CBF     	 ite hi
 178 0018 8262     	 strhi r2,[r0,#40]
 179 001a 8462     	 strls r4,[r0,#40]
 180 001c 0A07     	 lsls r2,r1,#28
 181 001e 4FF00003 	 mov r3,#0
 182 0022 07D1     	 bne .L32
 183 0024 0122     	 movs r2,#1
 184 0026 62F3D443 	 bfi r3,r2,#19,#2
 185 002a 43F0C043 	 orr r3,r3,#1610612736
 186 002e 64F30603 	 bfi r3,r4,#0,#7
 187 0032 14E0     	 b .L33
 188              	.L32:
 189 0034 826A     	 ldr r2,[r0,#40]
 190 0036 2AB9     	 cbnz r2,.L34
 191 0038 62F31203 	 bfi r3,r2,#0,#19
 192 003c 0122     	 movs r2,#1
 193 003e 62F3DC43 	 bfi r3,r2,#19,#10
 194 0042 0CE0     	 b .L33
 195              	.L34:
 196 0044 C46A     	 ldr r4,[r0,#44]
 197 0046 121B     	 subs r2,r2,r4
 198 0048 4468     	 ldr r4,[r0,#4]
 199 004a C4F3C625 	 ubfx r5,r4,#11,#7
 200 004e 5419     	 adds r4,r2,r5
 201 0050 013C     	 subs r4,r4,#1
 202 0052 B4FBF5F4 	 udiv r4,r4,r5
 203 0056 64F3DC43 	 bfi r3,r4,#19,#10
 204 005a 62F31203 	 bfi r3,r2,#0,#19
 205              	.L33:
 206 005e 0C4A     	 ldr r2,.L36
 207 0060 1268     	 ldr r2,[r2]
 208 0062 547B     	 ldrb r4,[r2,#13]
 209 0064 0B4A     	 ldr r2,.L36+4
 210 0066 3CB9     	 cbnz r4,.L35
 211 0068 01F00F04 	 and r4,r1,#15
 212 006c 02EB8404 	 add r4,r2,r4,lsl#2
 213 0070 406A     	 ldr r0,[r0,#36]
 214 0072 D4F8C441 	 ldr r4,[r4,#452]
 215 0076 6061     	 str r0,[r4,#20]
 216              	.L35:
 217 0078 01F00F01 	 and r1,r1,#15
 218 007c 02EB8101 	 add r1,r2,r1,lsl#2
 219 0080 D1F8C421 	 ldr r2,[r1,#452]
 220 0084 1361     	 str r3,[r2,#16]
 221 0086 1368     	 ldr r3,[r2]
 222 0088 43F00443 	 orr r3,r3,#-2080374784
 223 008c 1360     	 str r3,[r2]
 224 008e 30BD     	 pop {r4,r5,pc}
 225              	.L37:
 226              	 .align 2
 227              	.L36:
 228 0090 00000000 	 .word .LANCHOR0
 229 0094 00000000 	 .word xmc_device
 231              	 .section .text.XMC_USBD_lStartWriteXfer,"ax",%progbits
 232              	 .align 1
 233              	 .thumb
 234              	 .thumb_func
 236              	XMC_USBD_lStartWriteXfer:
 237              	 
 238              	 
 239 0000 0178     	 ldrb r1,[r0]
 240 0002 D0F830C0 	 ldr ip,[r0,#48]
 241 0006 2DE9F041 	 push {r4,r5,r6,r7,r8,lr}
 242 000a 01F00F07 	 and r7,r1,#15
 243 000e 07F16A03 	 add r3,r7,#106
 244 0012 294C     	 ldr r4,.L46
 245 0014 8668     	 ldr r6,[r0,#8]
 246 0016 54F823E0 	 ldr lr,[r4,r3,lsl#2]
 247 001a 836A     	 ldr r3,[r0,#40]
 248 001c DEF80050 	 ldr r5,[lr]
 249 0020 C3EB0C08 	 rsb r8,r3,ip
 250 0024 C6F31206 	 ubfx r6,r6,#0,#19
 251 0028 B045     	 cmp r8,r6
 252 002a 2ABF     	 itet cs
 253 002c 9B19     	 addcs r3,r3,r6
 254 002e C0F828C0 	 strcc ip,[r0,#40]
 255 0032 8362     	 strcs r3,[r0,#40]
 256 0034 836A     	 ldr r3,[r0,#40]
 257 0036 0022     	 movs r2,#0
 258 0038 2BB9     	 cbnz r3,.L41
 259 003a 63F31202 	 bfi r2,r3,#0,#19
 260 003e 0123     	 movs r3,#1
 261 0040 63F3DC42 	 bfi r2,r3,#19,#10
 262 0044 2CE0     	 b .L42
 263              	.L41:
 264 0046 11F00F0F 	 tst r1,#15
 265 004a C66A     	 ldr r6,[r0,#44]
 266 004c 07D1     	 bne .L43
 267 004e 4FF0010C 	 mov ip,#1
 268 0052 6CF3DC42 	 bfi r2,ip,#19,#10
 269 0056 9B1B     	 subs r3,r3,r6
 270 0058 63F31202 	 bfi r2,r3,#0,#19
 271 005c 0FE0     	 b .L44
 272              	.L43:
 273 005e 9B1B     	 subs r3,r3,r6
 274 0060 4668     	 ldr r6,[r0,#4]
 275 0062 C6F3C626 	 ubfx r6,r6,#11,#7
 276 0066 06F1FF3C 	 add ip,r6,#-1
 277 006a 63F31202 	 bfi r2,r3,#0,#19
 278 006e 1FFA8CFC 	 uxth ip,ip
 279 0072 1CFA83F3 	 uxtah r3,ip,r3
 280 0076 93FBF6F3 	 sdiv r3,r3,r6
 281 007a 63F3DC42 	 bfi r2,r3,#19,#10
 282              	.L44:
 283 007e 0F4B     	 ldr r3,.L46+4
 284 0080 1B68     	 ldr r3,[r3]
 285 0082 5B7B     	 ldrb r3,[r3,#13]
 286 0084 1BB9     	 cbnz r3,.L45
 287 0086 436A     	 ldr r3,[r0,#36]
 288 0088 CEF81430 	 str r3,[lr,#20]
 289 008c 08E0     	 b .L42
 290              	.L45:
 291 008e 012B     	 cmp r3,#1
 292 0090 01BF     	 itttt eq
 293 0092 D4F8A461 	 ldreq r6,[r4,#420]
 294 0096 706B     	 ldreq r0,[r6,#52]
 295 0098 BB40     	 lsleq r3,r3,r7
 296 009a 0343     	 orreq r3,r3,r0
 297 009c 08BF     	 it eq
 298 009e 7363     	 streq r3,[r6,#52]
 299              	.L42:
 300 00a0 01F00F01 	 and r1,r1,#15
 301 00a4 6A31     	 adds r1,r1,#106
 302 00a6 45F00445 	 orr r5,r5,#-2080374784
 303 00aa 54F82130 	 ldr r3,[r4,r1,lsl#2]
 304 00ae 1A61     	 str r2,[r3,#16]
 305 00b0 1D60     	 str r5,[r3]
 306 00b2 BDE8F081 	 pop {r4,r5,r6,r7,r8,pc}
 307              	.L47:
 308 00b6 00BF     	 .align 2
 309              	.L46:
 310 00b8 00000000 	 .word xmc_device
 311 00bc 00000000 	 .word .LANCHOR0
 313              	 .section .text.XMC_USBD_GetCapabilities,"ax",%progbits
 314              	 .align 1
 315              	 .global XMC_USBD_GetCapabilities
 316              	 .thumb
 317              	 .thumb_func
 319              	XMC_USBD_GetCapabilities:
 320              	 
 321              	 
 322              	 
 323 0000 0020     	 movs r0,#0
 324 0002 6FF30000 	 bfc r0,#0,#1
 325 0006 6FF34100 	 bfc r0,#1,#1
 326 000a 40F01C00 	 orr r0,r0,#28
 327 000e 6FF34510 	 bfc r0,#5,#1
 328 0012 40F4E070 	 orr r0,r0,#448
 329 0016 C0F30800 	 ubfx r0,r0,#0,#9
 330 001a 7047     	 bx lr
 332              	 .section .text.XMC_USBD_DeviceConnect,"ax",%progbits
 333              	 .align 1
 334              	 .global XMC_USBD_DeviceConnect
 335              	 .thumb
 336              	 .thumb_func
 338              	XMC_USBD_DeviceConnect:
 339              	 
 340              	 
 341              	 
 342 0000 044B     	 ldr r3,.L50
 343 0002 D3F8A421 	 ldr r2,[r3,#420]
 344 0006 5368     	 ldr r3,[r2,#4]
 345 0008 6FF34103 	 bfc r3,#1,#1
 346 000c 5360     	 str r3,[r2,#4]
 347 000e 0020     	 movs r0,#0
 348 0010 7047     	 bx lr
 349              	.L51:
 350 0012 00BF     	 .align 2
 351              	.L50:
 352 0014 00000000 	 .word xmc_device
 354              	 .section .text.XMC_USBD_DeviceDisconnect,"ax",%progbits
 355              	 .align 1
 356              	 .global XMC_USBD_DeviceDisconnect
 357              	 .thumb
 358              	 .thumb_func
 360              	XMC_USBD_DeviceDisconnect:
 361              	 
 362              	 
 363              	 
 364 0000 044B     	 ldr r3,.L53
 365 0002 D3F8A421 	 ldr r2,[r3,#420]
 366 0006 5368     	 ldr r3,[r2,#4]
 367 0008 43F00203 	 orr r3,r3,#2
 368 000c 5360     	 str r3,[r2,#4]
 369 000e 0020     	 movs r0,#0
 370 0010 7047     	 bx lr
 371              	.L54:
 372 0012 00BF     	 .align 2
 373              	.L53:
 374 0014 00000000 	 .word xmc_device
 376              	 .section .text.XMC_USBD_EndpointReadStart,"ax",%progbits
 377              	 .align 1
 378              	 .global XMC_USBD_EndpointReadStart
 379              	 .thumb
 380              	 .thumb_func
 382              	XMC_USBD_EndpointReadStart:
 383              	 
 384              	 
 385 0000 10B5     	 push {r4,lr}
 386 0002 0E4A     	 ldr r2,.L59
 387 0004 00F00F03 	 and r3,r0,#15
 388 0008 3420     	 movs r0,#52
 389 000a 00FB0320 	 mla r0,r0,r3,r2
 390 000e 4468     	 ldr r4,[r0,#4]
 391 0010 C4F30014 	 ubfx r4,r4,#4,#1
 392 0014 84B9     	 cbnz r4,.L58
 393 0016 0379     	 ldrb r3,[r0,#4]
 394 0018 5B07     	 lsls r3,r3,#29
 395 001a 0DD5     	 bpl .L58
 396 001c 4369     	 ldr r3,[r0,#20]
 397 001e 9942     	 cmp r1,r3
 398 0020 94BF     	 ite ls
 399 0022 0163     	 strls r1,[r0,#48]
 400 0024 0363     	 strhi r3,[r0,#48]
 401 0026 C368     	 ldr r3,[r0,#12]
 402 0028 C462     	 str r4,[r0,#44]
 403 002a 8462     	 str r4,[r0,#40]
 404 002c 4362     	 str r3,[r0,#36]
 405 002e 0461     	 str r4,[r0,#16]
 406 0030 FFF7FEFF 	 bl XMC_USBD_lStartReadXfer
 407 0034 2046     	 mov r0,r4
 408 0036 10BD     	 pop {r4,pc}
 409              	.L58:
 410 0038 0120     	 movs r0,#1
 411 003a 10BD     	 pop {r4,pc}
 412              	.L60:
 413              	 .align 2
 414              	.L59:
 415 003c 00000000 	 .word xmc_device
 417              	 .section .text.XMC_USBD_DeviceSetAddress,"ax",%progbits
 418              	 .align 1
 419              	 .global XMC_USBD_DeviceSetAddress
 420              	 .thumb
 421              	 .thumb_func
 423              	XMC_USBD_DeviceSetAddress:
 424              	 
 425              	 
 426              	 
 427 0000 044B     	 ldr r3,.L63
 428 0002 D3F8A431 	 ldr r3,[r3,#420]
 429 0006 1A68     	 ldr r2,[r3]
 430 0008 11B9     	 cbnz r1,.L62
 431 000a 60F30A12 	 bfi r2,r0,#4,#7
 432 000e 1A60     	 str r2,[r3]
 433              	.L62:
 434 0010 0020     	 movs r0,#0
 435 0012 7047     	 bx lr
 436              	.L64:
 437              	 .align 2
 438              	.L63:
 439 0014 00000000 	 .word xmc_device
 441              	 .section .text.XMC_USBD_EndpointStall,"ax",%progbits
 442              	 .align 1
 443              	 .global XMC_USBD_EndpointStall
 444              	 .thumb
 445              	 .thumb_func
 447              	XMC_USBD_EndpointStall:
 448              	 
 449              	 
 450 0000 10B5     	 push {r4,lr}
 451 0002 1D4A     	 ldr r2,.L75
 452 0004 00F00F04 	 and r4,r0,#15
 453 0008 40B2     	 sxtb r0,r0
 454 000a C1B1     	 cbz r1,.L66
 455 000c 3423     	 movs r3,#52
 456 000e 6343     	 muls r3,r4,r3
 457 0010 0028     	 cmp r0,#0
 458 0012 D35C     	 ldrb r3,[r2,r3]
 459 0014 03F00F03 	 and r3,r3,#15
 460 0018 ABBF     	 itete ge
 461 001a 02EB8303 	 addge r3,r2,r3,lsl#2
 462 001e 6A33     	 addlt r3,r3,#106
 463 0020 D3F8C411 	 ldrge r1,[r3,#452]
 464 0024 52F82310 	 ldrlt r1,[r2,r3,lsl#2]
 465 0028 0B68     	 ldr r3,[r1]
 466 002a 43F40013 	 orr r3,r3,#2097152
 467 002e 0B60     	 str r3,[r1]
 468 0030 3423     	 movs r3,#52
 469 0032 03FB0422 	 mla r2,r3,r4,r2
 470 0036 1379     	 ldrb r3,[r2,#4]
 471 0038 43F02003 	 orr r3,r3,#32
 472 003c 19E0     	 b .L74
 473              	.L66:
 474 003e 3423     	 movs r3,#52
 475 0040 6343     	 muls r3,r4,r3
 476 0042 0028     	 cmp r0,#0
 477 0044 D35C     	 ldrb r3,[r2,r3]
 478 0046 03F00F03 	 and r3,r3,#15
 479 004a ABBF     	 itete ge
 480 004c 02EB8303 	 addge r3,r2,r3,lsl#2
 481 0050 6A33     	 addlt r3,r3,#106
 482 0052 D3F8C401 	 ldrge r0,[r3,#452]
 483 0056 52F82300 	 ldrlt r0,[r2,r3,lsl#2]
 484 005a 0368     	 ldr r3,[r0]
 485 005c 61F35553 	 bfi r3,r1,#21,#1
 486 0060 43F08053 	 orr r3,r3,#268435456
 487 0064 0360     	 str r3,[r0]
 488 0066 3423     	 movs r3,#52
 489 0068 03FB0422 	 mla r2,r3,r4,r2
 490 006c 1379     	 ldrb r3,[r2,#4]
 491 006e 6FF34513 	 bfc r3,#5,#1
 492              	.L74:
 493 0072 1371     	 strb r3,[r2,#4]
 494 0074 0020     	 movs r0,#0
 495 0076 10BD     	 pop {r4,pc}
 496              	.L76:
 497              	 .align 2
 498              	.L75:
 499 0078 00000000 	 .word xmc_device
 501              	 .section .text.XMC_USBD_EndpointAbort,"ax",%progbits
 502              	 .align 1
 503              	 .global XMC_USBD_EndpointAbort
 504              	 .thumb
 505              	 .thumb_func
 507              	XMC_USBD_EndpointAbort:
 508              	 
 509              	 
 510              	 
 511 0000 00F00F02 	 and r2,r0,#15
 512 0004 3421     	 movs r1,#52
 513 0006 114B     	 ldr r3,.L83
 514 0008 5143     	 muls r1,r2,r1
 515 000a 5818     	 adds r0,r3,r1
 516 000c 595C     	 ldrb r1,[r3,r1]
 517 000e 0906     	 lsls r1,r1,#24
 518 0010 42BF     	 ittt mi
 519 0012 4168     	 ldrmi r1,[r0,#4]
 520 0014 21F00801 	 bicmi r1,r1,#8
 521 0018 4160     	 strmi r1,[r0,#4]
 522 001a 3421     	 movs r1,#52
 523 001c 5143     	 muls r1,r2,r1
 524 001e 5818     	 adds r0,r3,r1
 525 0020 595C     	 ldrb r1,[r3,r1]
 526 0022 0906     	 lsls r1,r1,#24
 527 0024 5EBF     	 ittt pl
 528 0026 4168     	 ldrpl r1,[r0,#4]
 529 0028 21F01001 	 bicpl r1,r1,#16
 530 002c 4160     	 strpl r1,[r0,#4]
 531 002e 3420     	 movs r0,#52
 532 0030 00FB0233 	 mla r3,r0,r2,r3
 533 0034 0020     	 movs r0,#0
 534 0036 1A79     	 ldrb r2,[r3,#4]
 535 0038 1861     	 str r0,[r3,#16]
 536 003a 6FF34512 	 bfc r2,#5,#1
 537 003e 1A71     	 strb r2,[r3,#4]
 538 0040 9861     	 str r0,[r3,#24]
 539 0042 9862     	 str r0,[r3,#40]
 540 0044 D862     	 str r0,[r3,#44]
 541 0046 1863     	 str r0,[r3,#48]
 542 0048 7047     	 bx lr
 543              	.L84:
 544 004a 00BF     	 .align 2
 545              	.L83:
 546 004c 00000000 	 .word xmc_device
 548              	 .section .text.XMC_USBD_EndpointUnconfigure,"ax",%progbits
 549              	 .align 1
 550              	 .global XMC_USBD_EndpointUnconfigure
 551              	 .thumb
 552              	 .thumb_func
 554              	XMC_USBD_EndpointUnconfigure:
 555              	 
 556              	 
 557 0000 2DE9F041 	 push {r4,r5,r6,r7,r8,lr}
 558 0004 384B     	 ldr r3,.L102
 559 0006 00F00F04 	 and r4,r0,#15
 560 000a 3422     	 movs r2,#52
 561 000c 6243     	 muls r2,r4,r2
 562 000e 03EB020E 	 add lr,r3,r2
 563 0012 D3F8A461 	 ldr r6,[r3,#420]
 564 0016 9EF80410 	 ldrb r1,[lr,#4]
 565 001a 9A5C     	 ldrb r2,[r3,r2]
 566 001c F569     	 ldr r5,[r6,#28]
 567 001e 11F0040F 	 tst r1,#4
 568 0022 4FF00007 	 mov r7,#0
 569 0026 02F00F0C 	 and ip,r2,#15
 570 002a 4FF00100 	 mov r0,#1
 571 002e 58D0     	 beq .L86
 572 0030 01F0FB01 	 and r1,r1,#251
 573 0034 6FF34511 	 bfc r1,#5,#1
 574 0038 8EF80410 	 strb r1,[lr,#4]
 575 003c DEF80410 	 ldr r1,[lr,#4]
 576 0040 21F01001 	 bic r1,r1,#16
 577 0044 CEF80410 	 str r1,[lr,#4]
 578 0048 DEF80410 	 ldr r1,[lr,#4]
 579 004c 67F3CF37 	 bfi r7,r7,#15,#1
 580 0050 21F00801 	 bic r1,r1,#8
 581 0054 00FA0CF0 	 lsl r0,r0,ip
 582 0058 47F09047 	 orr r7,r7,#1207959552
 583 005c 22F07F02 	 bic r2,r2,#127
 584 0060 CEF80410 	 str r1,[lr,#4]
 585 0064 6FF35557 	 bfc r7,#21,#1
 586 0068 02F0FF08 	 and r8,r2,#255
 587 006c C143     	 mvns r1,r0
 588 006e AAB9     	 cbnz r2,.L87
 589 0070 9EF80420 	 ldrb r2,[lr,#4]
 590 0074 9007     	 lsls r0,r2,#30
 591 0076 11D0     	 beq .L87
 592              	.L90:
 593 0078 03EB8C0C 	 add ip,r3,ip,lsl#2
 594 007c DCF8C421 	 ldr r2,[ip,#452]
 595 0080 1760     	 str r7,[r2]
 596 0082 01EA1542 	 and r2,r1,r5,lsr#16
 597 0086 62F31F45 	 bfi r5,r2,#16,#16
 598 008a 184A     	 ldr r2,.L102+4
 599 008c 1268     	 ldr r2,[r2]
 600 008e 527B     	 ldrb r2,[r2,#13]
 601 0090 012A     	 cmp r2,#1
 602 0092 16D1     	 bne .L91
 603 0094 726B     	 ldr r2,[r6,#52]
 604 0096 0A40     	 ands r2,r2,r1
 605 0098 7263     	 str r2,[r6,#52]
 606 009a 12E0     	 b .L91
 607              	.L87:
 608 009c 0CF16A02 	 add r2,ip,#106
 609 00a0 53F82220 	 ldr r2,[r3,r2,lsl#2]
 610 00a4 1760     	 str r7,[r2]
 611 00a6 01EA0502 	 and r2,r1,r5
 612 00aa 62F30F05 	 bfi r5,r2,#0,#16
 613 00ae B8F1000F 	 cmp r8,#0
 614 00b2 E1D0     	 beq .L90
 615 00b4 0C48     	 ldr r0,.L102
 616 00b6 3422     	 movs r2,#52
 617 00b8 02FB0402 	 mla r2,r2,r4,r0
 618 00bc 1279     	 ldrb r2,[r2,#4]
 619 00be 9207     	 lsls r2,r2,#30
 620 00c0 DAD0     	 beq .L90
 621              	.L91:
 622 00c2 3420     	 movs r0,#52
 623 00c4 00FB0430 	 mla r0,r0,r4,r3
 624 00c8 F561     	 str r5,[r6,#28]
 625 00ca 8188     	 ldrh r1,[r0,#4]
 626 00cc 0122     	 movs r2,#1
 627 00ce C1F38311 	 ubfx r1,r1,#6,#4
 628 00d2 8A40     	 lsls r2,r2,r1
 629 00d4 B3F8FC11 	 ldrh r1,[r3,#508]
 630 00d8 21EA0202 	 bic r2,r1,r2
 631 00dc A3F8FC21 	 strh r2,[r3,#508]
 632 00e0 0020     	 movs r0,#0
 633              	.L86:
 634 00e2 BDE8F081 	 pop {r4,r5,r6,r7,r8,pc}
 635              	.L103:
 636 00e6 00BF     	 .align 2
 637              	.L102:
 638 00e8 00000000 	 .word xmc_device
 639 00ec 00000000 	 .word .LANCHOR0
 641              	 .section .text.XMC_USBD_GetFrameNumber,"ax",%progbits
 642              	 .align 1
 643              	 .global XMC_USBD_GetFrameNumber
 644              	 .thumb
 645              	 .thumb_func
 647              	XMC_USBD_GetFrameNumber:
 648              	 
 649              	 
 650              	 
 651 0000 034B     	 ldr r3,.L105
 652 0002 D3F8A431 	 ldr r3,[r3,#420]
 653 0006 9868     	 ldr r0,[r3,#8]
 654 0008 C0F30D20 	 ubfx r0,r0,#8,#14
 655 000c 7047     	 bx lr
 656              	.L106:
 657 000e 00BF     	 .align 2
 658              	.L105:
 659 0010 00000000 	 .word xmc_device
 661              	 .section .text.XMC_USBD_IsEnumDone,"ax",%progbits
 662              	 .align 1
 663              	 .global XMC_USBD_IsEnumDone
 664              	 .thumb
 665              	 .thumb_func
 667              	XMC_USBD_IsEnumDone:
 668              	 
 669              	 
 670              	 
 671 0000 044B     	 ldr r3,.L108
 672 0002 93F8FE01 	 ldrb r0,[r3,#510]
 673 0006 00F00500 	 and r0,r0,#5
 674 000a 431F     	 subs r3,r0,#5
 675 000c 5842     	 rsbs r0,r3,#0
 676 000e 5841     	 adcs r0,r0,r3
 677 0010 7047     	 bx lr
 678              	.L109:
 679 0012 00BF     	 .align 2
 680              	.L108:
 681 0014 00000000 	 .word xmc_device
 683              	 .section .text.XMC_USBD_Uninitialize,"ax",%progbits
 684              	 .align 1
 685              	 .global XMC_USBD_Uninitialize
 686              	 .thumb
 687              	 .thumb_func
 689              	XMC_USBD_Uninitialize:
 690              	 
 691              	 
 692 0000 0748     	 ldr r0,.L111
 693 0002 D0F8A421 	 ldr r2,[r0,#420]
 694 0006 08B5     	 push {r3,lr}
 695 0008 5368     	 ldr r3,[r2,#4]
 696 000a 43F00203 	 orr r3,r3,#2
 697 000e 5360     	 str r3,[r2,#4]
 698 0010 0021     	 movs r1,#0
 699 0012 4FF40272 	 mov r2,#520
 700 0016 FFF7FEFF 	 bl memset
 701 001a 0020     	 movs r0,#0
 702 001c 08BD     	 pop {r3,pc}
 703              	.L112:
 704 001e 00BF     	 .align 2
 705              	.L111:
 706 0020 00000000 	 .word xmc_device
 708              	 .section .text.XMC_USBD_EndpointConfigure,"ax",%progbits
 709              	 .align 1
 710              	 .global XMC_USBD_EndpointConfigure
 711              	 .thumb
 712              	 .thumb_func
 714              	XMC_USBD_EndpointConfigure:
 715              	 
 716              	 
 717 0000 2DE9F84F 	 push {r3,r4,r5,r6,r7,r8,r9,r10,fp,lr}
 718 0004 DFF8B491 	 ldr r9,.L147+8
 719 0008 1546     	 mov r5,r2
 720 000a 00F00F08 	 and r8,r0,#15
 721 000e 3422     	 movs r2,#52
 722 0010 02FB08FB 	 mul fp,r2,r8
 723 0014 0BEB0904 	 add r4,fp,r9
 724 0018 D9F8A431 	 ldr r3,[r9,#420]
 725 001c 8246     	 mov r10,r0
 726 001e 0E46     	 mov r6,r1
 727 0020 2046     	 mov r0,r4
 728 0022 0021     	 movs r1,#0
 729 0024 DF69     	 ldr r7,[r3,#28]
 730 0026 FFF7FEFF 	 bl memset
 731 002a 2379     	 ldrb r3,[r4,#4]
 732 002c 0BF809A0 	 strb r10,[fp,r9]
 733 0030 43F00403 	 orr r3,r3,#4
 734 0034 2371     	 strb r3,[r4,#4]
 735 0036 6368     	 ldr r3,[r4,#4]
 736 0038 2046     	 mov r0,r4
 737 003a 65F3D123 	 bfi r3,r5,#11,#7
 738 003e 40F8043F 	 str r3,[r0,#4]!
 739 0042 4B46     	 mov r3,r9
 740 0044 4268     	 ldr r2,[r0,#4]
 741 0046 BAF1000F 	 cmp r10,#0
 742 004a 02D0     	 beq .L114
 743 004c 4FF6C071 	 movw r1,#65472
 744 0050 00E0     	 b .L144
 745              	.L114:
 746 0052 4021     	 movs r1,#64
 747              	.L144:
 748 0054 61F31202 	 bfi r2,r1,#0,#19
 749 0058 4260     	 str r2,[r0,#4]
 750 005a 3422     	 movs r2,#52
 751 005c 02FB08F2 	 mul r2,r2,r8
 752 0060 DFF85CE1 	 ldr lr,.L147+12
 753 0064 995C     	 ldrb r1,[r3,r2]
 754 0066 01F00F01 	 and r1,r1,#15
 755 006a 0802     	 lsls r0,r1,#8
 756 006c 9C18     	 adds r4,r3,r2
 757 006e 0EEB000C 	 add ip,lr,r0
 758 0072 0EF5E06E 	 add lr,lr,#1792
 759 0076 7044     	 add r0,r0,lr
 760 0078 E060     	 str r0,[r4,#12]
 761 007a 4E48     	 ldr r0,.L147
 762 007c C4F81CC0 	 str ip,[r4,#28]
 763 0080 50F82100 	 ldr r0,[r0,r1,lsl#2]
 764 0084 2062     	 str r0,[r4,#32]
 765 0086 4C48     	 ldr r0,.L147+4
 766 0088 50F82100 	 ldr r0,[r0,r1,lsl#2]
 767 008c 6061     	 str r0,[r4,#20]
 768 008e 9A5C     	 ldrb r2,[r3,r2]
 769 0090 1006     	 lsls r0,r2,#24
 770 0092 01D4     	 bmi .L116
 771 0094 002E     	 cmp r6,#0
 772 0096 54D1     	 bne .L117
 773              	.L116:
 774 0098 01F16A02 	 add r2,r1,#106
 775 009c 53F822C0 	 ldr ip,[r3,r2,lsl#2]
 776 00a0 DCF80020 	 ldr r2,[ip]
 777 00a4 42F40042 	 orr r2,r2,#32768
 778 00a8 66F39342 	 bfi r2,r6,#18,#2
 779 00ac 9EB9     	 cbnz r6,.L118
 780 00ae 102D     	 cmp r5,#16
 781 00b0 0DD0     	 beq .L120
 782 00b2 03D8     	 bhi .L121
 783 00b4 082D     	 cmp r5,#8
 784 00b6 10D1     	 bne .L119
 785 00b8 0320     	 movs r0,#3
 786 00ba 09E0     	 b .L145
 787              	.L121:
 788 00bc 202D     	 cmp r5,#32
 789 00be 04D0     	 beq .L123
 790 00c0 402D     	 cmp r5,#64
 791 00c2 0AD1     	 bne .L119
 792 00c4 66F30A02 	 bfi r2,r6,#0,#11
 793 00c8 07E0     	 b .L119
 794              	.L123:
 795 00ca 0120     	 movs r0,#1
 796 00cc 00E0     	 b .L145
 797              	.L120:
 798 00ce 0220     	 movs r0,#2
 799              	.L145:
 800 00d0 60F30A02 	 bfi r2,r0,#0,#11
 801 00d4 01E0     	 b .L119
 802              	.L118:
 803 00d6 65F30A02 	 bfi r2,r5,#0,#11
 804              	.L119:
 805 00da 42F08052 	 orr r2,r2,#268435456
 806 00de B3F8FCE1 	 ldrh lr,[r3,#508]
 807 00e2 6FF35552 	 bfc r2,#21,#1
 808 00e6 4FF00009 	 mov r9,#0
 809 00ea 0120     	 movs r0,#1
 810              	.L125:
 811 00ec 10EA0E0F 	 tst r0,lr
 812 00f0 5FFA89F4 	 uxtb r4,r9
 813 00f4 07D0     	 beq .L126
 814 00f6 09F10109 	 add r9,r9,#1
 815 00fa 4000     	 lsls r0,r0,#1
 816 00fc B9F1070F 	 cmp r9,#7
 817 0100 80B2     	 uxth r0,r0
 818 0102 F3D1     	 bne .L125
 819 0104 4C46     	 mov r4,r9
 820              	.L126:
 821 0106 10EA0E0F 	 tst r0,lr
 822 010a 04BF     	 itt eq
 823 010c 40EA0E00 	 orreq r0,r0,lr
 824 0110 A3F8FC01 	 strheq r0,[r3,#508]
 825 0114 4FF03400 	 mov r0,#52
 826 0118 00FB0830 	 mla r0,r0,r8,r3
 827 011c 18BF     	 it ne
 828 011e 0024     	 movne r4,#0
 829 0120 B0F804E0 	 ldrh lr,[r0,#4]
 830 0124 04F00F04 	 and r4,r4,#15
 831 0128 64F39952 	 bfi r2,r4,#22,#4
 832 012c 64F3891E 	 bfi lr,r4,#6,#4
 833 0130 A0F804E0 	 strh lr,[r0,#4]
 834 0134 CCF80020 	 str r2,[ip]
 835 0138 0122     	 movs r2,#1
 836 013a 8A40     	 lsls r2,r2,r1
 837 013c 3A43     	 orrs r2,r2,r7
 838 013e 62F30F07 	 bfi r7,r2,#0,#16
 839              	.L117:
 840 0142 3422     	 movs r2,#52
 841 0144 02FB08F8 	 mul r8,r2,r8
 842 0148 13F80820 	 ldrb r2,[r3,r8]
 843 014c 1206     	 lsls r2,r2,#24
 844 014e 00D5     	 bpl .L129
 845 0150 56BB     	 cbnz r6,.L130
 846              	.L129:
 847 0152 03EB8102 	 add r2,r3,r1,lsl#2
 848 0156 D2F8C401 	 ldr r0,[r2,#452]
 849 015a 0268     	 ldr r2,[r0]
 850 015c 42F40042 	 orr r2,r2,#32768
 851 0160 66F39342 	 bfi r2,r6,#18,#2
 852 0164 9EB9     	 cbnz r6,.L131
 853 0166 102D     	 cmp r5,#16
 854 0168 0DD0     	 beq .L133
 855 016a 03D8     	 bhi .L134
 856 016c 082D     	 cmp r5,#8
 857 016e 10D1     	 bne .L132
 858 0170 0324     	 movs r4,#3
 859 0172 09E0     	 b .L146
 860              	.L134:
 861 0174 202D     	 cmp r5,#32
 862 0176 04D0     	 beq .L136
 863 0178 402D     	 cmp r5,#64
 864 017a 0AD1     	 bne .L132
 865 017c 66F30A02 	 bfi r2,r6,#0,#11
 866 0180 07E0     	 b .L132
 867              	.L136:
 868 0182 0124     	 movs r4,#1
 869 0184 00E0     	 b .L146
 870              	.L133:
 871 0186 0224     	 movs r4,#2
 872              	.L146:
 873 0188 64F30A02 	 bfi r2,r4,#0,#11
 874 018c 01E0     	 b .L132
 875              	.L131:
 876 018e 65F30A02 	 bfi r2,r5,#0,#11
 877              	.L132:
 878 0192 42F08052 	 orr r2,r2,#268435456
 879 0196 6FF35552 	 bfc r2,#21,#1
 880 019a 0260     	 str r2,[r0]
 881 019c 0122     	 movs r2,#1
 882 019e 8A40     	 lsls r2,r2,r1
 883 01a0 42EA1742 	 orr r2,r2,r7,lsr#16
 884 01a4 62F31F47 	 bfi r7,r2,#16,#16
 885              	.L130:
 886 01a8 D3F8A431 	 ldr r3,[r3,#420]
 887 01ac 0020     	 movs r0,#0
 888 01ae DF61     	 str r7,[r3,#28]
 889 01b0 BDE8F88F 	 pop {r3,r4,r5,r6,r7,r8,r9,r10,fp,pc}
 890              	.L148:
 891              	 .align 2
 892              	.L147:
 893 01b4 00000000 	 .word .LANCHOR2
 894 01b8 00000000 	 .word .LANCHOR3
 895 01bc 00000000 	 .word xmc_device
 896 01c0 00000000 	 .word .LANCHOR1
 898              	 .section .text.XMC_USBD_EndpointRead,"ax",%progbits
 899              	 .align 1
 900              	 .global XMC_USBD_EndpointRead
 901              	 .thumb
 902              	 .thumb_func
 904              	XMC_USBD_EndpointRead:
 905              	 
 906              	 
 907 0000 38B5     	 push {r3,r4,r5,lr}
 908 0002 0C4C     	 ldr r4,.L152
 909 0004 3423     	 movs r3,#52
 910 0006 03FB0044 	 mla r4,r3,r0,r4
 911 000a 0846     	 mov r0,r1
 912 000c 2569     	 ldr r5,[r4,#16]
 913 000e A369     	 ldr r3,[r4,#24]
 914 0010 9542     	 cmp r5,r2
 915 0012 28BF     	 it cs
 916 0014 1546     	 movcs r5,r2
 917 0016 E268     	 ldr r2,[r4,#12]
 918 0018 D118     	 adds r1,r2,r3
 919 001a 2A46     	 mov r2,r5
 920 001c FFF7FEFF 	 bl memcpy
 921 0020 2369     	 ldr r3,[r4,#16]
 922 0022 5B1B     	 subs r3,r3,r5
 923 0024 2361     	 str r3,[r4,#16]
 924 0026 0BB1     	 cbz r3,.L150
 925 0028 A369     	 ldr r3,[r4,#24]
 926 002a 2B44     	 add r3,r3,r5
 927              	.L150:
 928 002c A361     	 str r3,[r4,#24]
 929 002e 2846     	 mov r0,r5
 930 0030 38BD     	 pop {r3,r4,r5,pc}
 931              	.L153:
 932 0032 00BF     	 .align 2
 933              	.L152:
 934 0034 00000000 	 .word xmc_device
 936              	 .section .text.XMC_USBD_EndpointWrite,"ax",%progbits
 937              	 .align 1
 938              	 .global XMC_USBD_EndpointWrite
 939              	 .thumb
 940              	 .thumb_func
 942              	XMC_USBD_EndpointWrite:
 943              	 
 944              	 
 945 0000 F8B5     	 push {r3,r4,r5,r6,r7,lr}
 946 0002 134B     	 ldr r3,.L158
 947 0004 00F00F00 	 and r0,r0,#15
 948 0008 3424     	 movs r4,#52
 949 000a 04FB0034 	 mla r4,r4,r0,r3
 950 000e 2379     	 ldrb r3,[r4,#4]
 951 0010 5807     	 lsls r0,r3,#29
 952 0012 19D5     	 bpl .L156
 953 0014 6368     	 ldr r3,[r4,#4]
 954 0016 1B07     	 lsls r3,r3,#28
 955 0018 18D4     	 bmi .L157
 956 001a 236A     	 ldr r3,[r4,#32]
 957 001c E069     	 ldr r0,[r4,#28]
 958 001e 9A42     	 cmp r2,r3
 959 0020 28BF     	 it cs
 960 0022 1A46     	 movcs r2,r3
 961 0024 1546     	 mov r5,r2
 962 0026 FFF7FEFF 	 bl memcpy
 963 002a E369     	 ldr r3,[r4,#28]
 964 002c 6362     	 str r3,[r4,#36]
 965 002e 0023     	 movs r3,#0
 966 0030 A362     	 str r3,[r4,#40]
 967 0032 E362     	 str r3,[r4,#44]
 968 0034 6368     	 ldr r3,[r4,#4]
 969 0036 2563     	 str r5,[r4,#48]
 970 0038 43F00803 	 orr r3,r3,#8
 971 003c 2046     	 mov r0,r4
 972 003e 6360     	 str r3,[r4,#4]
 973 0040 FFF7FEFF 	 bl XMC_USBD_lStartWriteXfer
 974 0044 206B     	 ldr r0,[r4,#48]
 975 0046 F8BD     	 pop {r3,r4,r5,r6,r7,pc}
 976              	.L156:
 977 0048 0120     	 movs r0,#1
 978 004a F8BD     	 pop {r3,r4,r5,r6,r7,pc}
 979              	.L157:
 980 004c 0020     	 movs r0,#0
 981 004e F8BD     	 pop {r3,r4,r5,r6,r7,pc}
 982              	.L159:
 983              	 .align 2
 984              	.L158:
 985 0050 00000000 	 .word xmc_device
 987              	 .section .text.XMC_USBD_DeviceGetState,"ax",%progbits
 988              	 .align 1
 989              	 .global XMC_USBD_DeviceGetState
 990              	 .thumb
 991              	 .thumb_func
 993              	XMC_USBD_DeviceGetState:
 994              	 
 995              	 
 996 0000 154A     	 ldr r2,.L167
 997 0002 F0B5     	 push {r4,r5,r6,r7,lr}
 998 0004 92F8FE51 	 ldrb r5,[r2,#510]
 999 0008 067B     	 ldrb r6,[r0,#12]
 1000 000a 0023     	 movs r3,#0
 1001 000c 05F00105 	 and r5,r5,#1
 1002 0010 1846     	 mov r0,r3
 1003 0012 1946     	 mov r1,r3
 1004              	.L161:
 1005 0014 C4B2     	 uxtb r4,r0
 1006 0016 B442     	 cmp r4,r6
 1007 0018 0ED2     	 bcs .L166
 1008 001a 3424     	 movs r4,#52
 1009 001c 04FB0024 	 mla r4,r4,r0,r2
 1010 0020 6768     	 ldr r7,[r4,#4]
 1011 0022 3F07     	 lsls r7,r7,#28
 1012 0024 05D4     	 bmi .L164
 1013 0026 6468     	 ldr r4,[r4,#4]
 1014 0028 14F0100F 	 tst r4,#16
 1015 002c 18BF     	 it ne
 1016 002e 0121     	 movne r1,#1
 1017 0030 00E0     	 b .L162
 1018              	.L164:
 1019 0032 0121     	 movs r1,#1
 1020              	.L162:
 1021 0034 0130     	 adds r0,r0,#1
 1022 0036 EDE7     	 b .L161
 1023              	.L166:
 1024 0038 92F8FE21 	 ldrb r2,[r2,#510]
 1025 003c C2F38002 	 ubfx r2,r2,#2,#1
 1026 0040 62F30003 	 bfi r3,r2,#0,#1
 1027 0044 65F34103 	 bfi r3,r5,#1,#1
 1028 0048 61F38203 	 bfi r3,r1,#2,#1
 1029 004c 0122     	 movs r2,#1
 1030 004e 62F3C403 	 bfi r3,r2,#3,#2
 1031 0052 1846     	 mov r0,r3
 1032 0054 F0BD     	 pop {r4,r5,r6,r7,pc}
 1033              	.L168:
 1034 0056 00BF     	 .align 2
 1035              	.L167:
 1036 0058 00000000 	 .word xmc_device
 1038              	 .section .text.XMC_USBD_Enable,"ax",%progbits
 1039              	 .align 1
 1040              	 .global XMC_USBD_Enable
 1041              	 .thumb
 1042              	 .thumb_func
 1044              	XMC_USBD_Enable:
 1045              	 
 1046              	 
 1047 0000 10B5     	 push {r4,lr}
 1048 0002 054C     	 ldr r4,.L170
 1049 0004 2046     	 mov r0,r4
 1050 0006 FFF7FEFF 	 bl XMC_SCU_CLOCK_UngatePeripheralClock
 1051 000a 2046     	 mov r0,r4
 1052 000c FFF7FEFF 	 bl XMC_SCU_RESET_DeassertPeripheralReset
 1053 0010 BDE81040 	 pop {r4,lr}
 1054 0014 FFF7FEBF 	 b XMC_SCU_POWER_EnableUsb
 1055              	.L171:
 1056              	 .align 2
 1057              	.L170:
 1058 0018 80000020 	 .word 536871040
 1060              	 .section .text.XMC_USBD_Init,"ax",%progbits
 1061              	 .align 1
 1062              	 .global XMC_USBD_Init
 1063              	 .thumb
 1064              	 .thumb_func
 1066              	XMC_USBD_Init:
 1067              	 
 1068              	 
 1069 0000 38B5     	 push {r3,r4,r5,lr}
 1070 0002 0546     	 mov r5,r0
 1071 0004 FFF7FEFF 	 bl XMC_USBD_Enable
 1072 0008 394B     	 ldr r3,.L184
 1073 000a 1D60     	 str r5,[r3]
 1074 000c 0023     	 movs r3,#0
 1075              	.L173:
 1076 000e 3949     	 ldr r1,.L184+4
 1077 0010 4022     	 movs r2,#64
 1078 0012 41F82320 	 str r2,[r1,r3,lsl#2]
 1079 0016 3849     	 ldr r1,.L184+8
 1080 0018 41F82320 	 str r2,[r1,r3,lsl#2]
 1081 001c 0133     	 adds r3,r3,#1
 1082 001e 072B     	 cmp r3,#7
 1083 0020 F5D1     	 bne .L173
 1084 0022 364C     	 ldr r4,.L184+12
 1085 0024 0021     	 movs r1,#0
 1086 0026 4FF40272 	 mov r2,#520
 1087 002a 2046     	 mov r0,r4
 1088 002c FFF7FEFF 	 bl memset
 1089 0030 6B68     	 ldr r3,[r5,#4]
 1090 0032 C4F80032 	 str r3,[r4,#512]
 1091 0036 AB68     	 ldr r3,[r5,#8]
 1092 0038 C4F80432 	 str r3,[r4,#516]
 1093 003c 2B68     	 ldr r3,[r5]
 1094 003e C4F8A031 	 str r3,[r4,#416]
 1095 0042 03F50062 	 add r2,r3,#2048
 1096 0046 C4F8A421 	 str r2,[r4,#420]
 1097 004a 04F5D271 	 add r1,r4,#420
 1098 004e 03F51062 	 add r2,r3,#2304
 1099 0052 03F51E60 	 add r0,r3,#2528
 1100              	.L174:
 1101 0056 41F8042F 	 str r2,[r1,#4]!
 1102 005a 2032     	 adds r2,r2,#32
 1103 005c 8242     	 cmp r2,r0
 1104 005e FAD1     	 bne .L174
 1105 0060 2749     	 ldr r1,.L184+16
 1106 0062 03F53062 	 add r2,r3,#2816
 1107 0066 03F53E60 	 add r0,r3,#3040
 1108              	.L175:
 1109 006a 41F8042F 	 str r2,[r1,#4]!
 1110 006e 2032     	 adds r2,r2,#32
 1111 0070 8242     	 cmp r2,r0
 1112 0072 FAD1     	 bne .L175
 1113 0074 2349     	 ldr r1,.L184+20
 1114 0076 0022     	 movs r2,#0
 1115              	.L176:
 1116 0078 0132     	 adds r2,r2,#1
 1117 007a 03EB0230 	 add r0,r3,r2,lsl#12
 1118 007e 072A     	 cmp r2,#7
 1119 0080 41F8040F 	 str r0,[r1,#4]!
 1120 0084 F8D1     	 bne .L176
 1121 0086 9A68     	 ldr r2,[r3,#8]
 1122 0088 697B     	 ldrb r1,[r5,#13]
 1123 008a 42F08102 	 orr r2,r2,#129
 1124 008e 11B9     	 cbnz r1,.L177
 1125 0090 42F02002 	 orr r2,r2,#32
 1126 0094 01E0     	 b .L178
 1127              	.L177:
 1128 0096 6FF34512 	 bfc r2,#5,#1
 1129              	.L178:
 1130 009a 9A60     	 str r2,[r3,#8]
 1131 009c DA68     	 ldr r2,[r3,#12]
 1132 009e 42F08042 	 orr r2,r2,#1073741824
 1133 00a2 42F48072 	 orr r2,r2,#256
 1134 00a6 DA60     	 str r2,[r3,#12]
 1135 00a8 D3F80028 	 ldr r2,[r3,#2048]
 1136 00ac 42F00302 	 orr r2,r2,#3
 1137 00b0 6FF3D752 	 bfc r2,#23,#1
 1138 00b4 C3F80028 	 str r2,[r3,#2048]
 1139 00b8 D3F80428 	 ldr r2,[r3,#2052]
 1140 00bc 42F00202 	 orr r2,r2,#2
 1141 00c0 C3F80428 	 str r2,[r3,#2052]
 1142 00c4 1020     	 movs r0,#16
 1143 00c6 FFF7FEFF 	 bl XMC_USBD_lFlushTXFifo
 1144 00ca FFF7FEFF 	 bl XMC_USBD_lFlushRXFifo
 1145 00ce D4F8A021 	 ldr r2,[r4,#416]
 1146 00d2 0D49     	 ldr r1,.L184+24
 1147 00d4 6C7B     	 ldrb r4,[r5,#13]
 1148 00d6 0020     	 movs r0,#0
 1149 00d8 4FF0FF33 	 mov r3,#-1
 1150 00dc 9061     	 str r0,[r2,#24]
 1151 00de 5361     	 str r3,[r2,#20]
 1152 00e0 0A4B     	 ldr r3,.L184+28
 1153 00e2 012C     	 cmp r4,#1
 1154 00e4 08BF     	 it eq
 1155 00e6 0B46     	 moveq r3,r1
 1156 00e8 43F44023 	 orr r3,r3,#786432
 1157 00ec 9361     	 str r3,[r2,#24]
 1158 00ee 38BD     	 pop {r3,r4,r5,pc}
 1159              	.L185:
 1160              	 .align 2
 1161              	.L184:
 1162 00f0 00000000 	 .word .LANCHOR0
 1163 00f4 00000000 	 .word .LANCHOR3
 1164 00f8 00000000 	 .word .LANCHOR2
 1165 00fc 00000000 	 .word xmc_device
 1166 0100 C0010000 	 .word xmc_device+448
 1167 0104 DC010000 	 .word xmc_device+476
 1168 0108 1E3C00C0 	 .word -1073726434
 1169 010c 0E3C00C0 	 .word -1073726450
 1171              	 .section .text.XMC_USBD_Disable,"ax",%progbits
 1172              	 .align 1
 1173              	 .global XMC_USBD_Disable
 1174              	 .thumb
 1175              	 .thumb_func
 1177              	XMC_USBD_Disable:
 1178              	 
 1179              	 
 1180 0000 10B5     	 push {r4,lr}
 1181 0002 054C     	 ldr r4,.L187
 1182 0004 2046     	 mov r0,r4
 1183 0006 FFF7FEFF 	 bl XMC_SCU_RESET_AssertPeripheralReset
 1184 000a 2046     	 mov r0,r4
 1185 000c FFF7FEFF 	 bl XMC_SCU_CLOCK_GatePeripheralClock
 1186 0010 BDE81040 	 pop {r4,lr}
 1187 0014 FFF7FEBF 	 b XMC_SCU_POWER_DisableUsb
 1188              	.L188:
 1189              	 .align 2
 1190              	.L187:
 1191 0018 80000020 	 .word 536871040
 1193              	 .section .text.XMC_USBD_ClearEvent,"ax",%progbits
 1194              	 .align 1
 1195              	 .global XMC_USBD_ClearEvent
 1196              	 .thumb
 1197              	 .thumb_func
 1199              	XMC_USBD_ClearEvent:
 1200              	 
 1201              	 
 1202              	 
 1203 0000 0023     	 movs r3,#0
 1204 0002 0D28     	 cmp r0,#13
 1205 0004 1ED8     	 bhi .L190
 1206 0006 DFE800F0 	 tbb [pc,r0]
 1207              	.L192:
 1208 000a 07       	 .byte (.L191-.L192)/2
 1209 000b 1D       	 .byte (.L190-.L192)/2
 1210 000c 1D       	 .byte (.L190-.L192)/2
 1211 000d 1D       	 .byte (.L190-.L192)/2
 1212 000e 0A       	 .byte (.L193-.L192)/2
 1213 000f 1D       	 .byte (.L190-.L192)/2
 1214 0010 0D       	 .byte (.L194-.L192)/2
 1215 0011 10       	 .byte (.L196-.L192)/2
 1216 0012 10       	 .byte (.L196-.L192)/2
 1217 0013 13       	 .byte (.L197-.L192)/2
 1218 0014 15       	 .byte (.L198-.L192)/2
 1219 0015 18       	 .byte (.L199-.L192)/2
 1220 0016 1D       	 .byte (.L190-.L192)/2
 1221 0017 1B       	 .byte (.L200-.L192)/2
 1222              	 .p2align 1
 1223              	.L191:
 1224 0018 4FF08043 	 mov r3,#1073741824
 1225 001c 12E0     	 b .L190
 1226              	.L193:
 1227 001e 4FF48053 	 mov r3,#4096
 1228 0022 0FE0     	 b .L190
 1229              	.L194:
 1230 0024 4FF40063 	 mov r3,#2048
 1231 0028 0CE0     	 b .L190
 1232              	.L196:
 1233 002a 4FF00043 	 mov r3,#-2147483648
 1234 002e 09E0     	 b .L190
 1235              	.L197:
 1236 0030 0823     	 movs r3,#8
 1237 0032 07E0     	 b .L190
 1238              	.L198:
 1239 0034 4FF48063 	 mov r3,#1024
 1240 0038 04E0     	 b .L190
 1241              	.L199:
 1242 003a 4FF40053 	 mov r3,#8192
 1243 003e 01E0     	 b .L190
 1244              	.L200:
 1245 0040 4FF40023 	 mov r3,#524288
 1246              	.L190:
 1247 0044 024A     	 ldr r2,.L201
 1248 0046 D2F8A021 	 ldr r2,[r2,#416]
 1249 004a 5361     	 str r3,[r2,#20]
 1250 004c 7047     	 bx lr
 1251              	.L202:
 1252 004e 00BF     	 .align 2
 1253              	.L201:
 1254 0050 00000000 	 .word xmc_device
 1256              	 .section .text.XMC_USBD_ClearEventINEP,"ax",%progbits
 1257              	 .align 1
 1258              	 .global XMC_USBD_ClearEventINEP
 1259              	 .thumb
 1260              	 .thumb_func
 1262              	XMC_USBD_ClearEventINEP:
 1263              	 
 1264              	 
 1265              	 
 1266 0000 6A31     	 adds r1,r1,#106
 1267 0002 024B     	 ldr r3,.L204
 1268 0004 53F82130 	 ldr r3,[r3,r1,lsl#2]
 1269 0008 9860     	 str r0,[r3,#8]
 1270 000a 7047     	 bx lr
 1271              	.L205:
 1272              	 .align 2
 1273              	.L204:
 1274 000c 00000000 	 .word xmc_device
 1276              	 .section .text.XMC_USBD_ClearEventOUTEP,"ax",%progbits
 1277              	 .align 1
 1278              	 .global XMC_USBD_ClearEventOUTEP
 1279              	 .thumb
 1280              	 .thumb_func
 1282              	XMC_USBD_ClearEventOUTEP:
 1283              	 
 1284              	 
 1285              	 
 1286 0000 034B     	 ldr r3,.L207
 1287 0002 03EB8101 	 add r1,r3,r1,lsl#2
 1288 0006 D1F8C431 	 ldr r3,[r1,#452]
 1289 000a 9860     	 str r0,[r3,#8]
 1290 000c 7047     	 bx lr
 1291              	.L208:
 1292 000e 00BF     	 .align 2
 1293              	.L207:
 1294 0010 00000000 	 .word xmc_device
 1296              	 .section .text.XMC_USBD_EnableEventOUTEP,"ax",%progbits
 1297              	 .align 1
 1298              	 .global XMC_USBD_EnableEventOUTEP
 1299              	 .thumb
 1300              	 .thumb_func
 1302              	XMC_USBD_EnableEventOUTEP:
 1303              	 
 1304              	 
 1305              	 
 1306 0000 034B     	 ldr r3,.L210
 1307 0002 D3F8A421 	 ldr r2,[r3,#420]
 1308 0006 5369     	 ldr r3,[r2,#20]
 1309 0008 1843     	 orrs r0,r0,r3
 1310 000a 5061     	 str r0,[r2,#20]
 1311 000c 7047     	 bx lr
 1312              	.L211:
 1313 000e 00BF     	 .align 2
 1314              	.L210:
 1315 0010 00000000 	 .word xmc_device
 1317              	 .section .text.XMC_USBD_EnableEventINEP,"ax",%progbits
 1318              	 .align 1
 1319              	 .global XMC_USBD_EnableEventINEP
 1320              	 .thumb
 1321              	 .thumb_func
 1323              	XMC_USBD_EnableEventINEP:
 1324              	 
 1325              	 
 1326              	 
 1327 0000 034B     	 ldr r3,.L213
 1328 0002 D3F8A421 	 ldr r2,[r3,#420]
 1329 0006 1369     	 ldr r3,[r2,#16]
 1330 0008 1843     	 orrs r0,r0,r3
 1331 000a 1061     	 str r0,[r2,#16]
 1332 000c 7047     	 bx lr
 1333              	.L214:
 1334 000e 00BF     	 .align 2
 1335              	.L213:
 1336 0010 00000000 	 .word xmc_device
 1338              	 .section .text.XMC_USBD_IRQHandler,"ax",%progbits
 1339              	 .align 1
 1340              	 .global XMC_USBD_IRQHandler
 1341              	 .thumb
 1342              	 .thumb_func
 1344              	XMC_USBD_IRQHandler:
 1345              	 
 1346              	 
 1347 0000 2DE9F04F 	 push {r4,r5,r6,r7,r8,r9,r10,fp,lr}
 1348 0004 C14C     	 ldr r4,.L319
 1349 0006 D4F8A031 	 ldr r3,[r4,#416]
 1350 000a 9F69     	 ldr r7,[r3,#24]
 1351 000c 5D69     	 ldr r5,[r3,#20]
 1352 000e 3D40     	 ands r5,r5,r7
 1353 0010 5FFA85F8 	 uxtb r8,r5
 1354 0014 18F0080F 	 tst r8,#8
 1355 0018 85B0     	 sub sp,sp,#20
 1356 001a 0646     	 mov r6,r0
 1357 001c 06D0     	 beq .L216
 1358 001e 0920     	 movs r0,#9
 1359 0020 D4F80032 	 ldr r3,[r4,#512]
 1360 0024 9847     	 blx r3
 1361 0026 0920     	 movs r0,#9
 1362 0028 FFF7FEFF 	 bl XMC_USBD_ClearEvent
 1363              	.L216:
 1364 002c 737B     	 ldrb r3,[r6,#13]
 1365 002e 012B     	 cmp r3,#1
 1366 0030 19D1     	 bne .L217
 1367 0032 18F0100F 	 tst r8,#16
 1368 0036 16D0     	 beq .L217
 1369 0038 D4F8A031 	 ldr r3,[r4,#416]
 1370 003c 6FF30417 	 bfc r7,#4,#1
 1371 0040 9F61     	 str r7,[r3,#24]
 1372 0042 196A     	 ldr r1,[r3,#32]
 1373 0044 C1F34343 	 ubfx r3,r1,#17,#4
 1374 0048 022B     	 cmp r3,#2
 1375 004a 01D0     	 beq .L220
 1376 004c 062B     	 cmp r3,#6
 1377 004e 05D1     	 bne .L218
 1378              	.L220:
 1379 0050 01F00F00 	 and r0,r1,#15
 1380 0054 C1F30A11 	 ubfx r1,r1,#4,#11
 1381 0058 FFF7FEFF 	 bl XMC_USBD_lReadFifo
 1382              	.L218:
 1383 005c D4F8A031 	 ldr r3,[r4,#416]
 1384 0060 47F01007 	 orr r7,r7,#16
 1385 0064 9F61     	 str r7,[r3,#24]
 1386              	.L217:
 1387 0066 C5F30727 	 ubfx r7,r5,#8,#8
 1388 006a 7A07     	 lsls r2,r7,#29
 1389 006c 02D5     	 bpl .L221
 1390 006e 0A20     	 movs r0,#10
 1391 0070 FFF7FEFF 	 bl XMC_USBD_ClearEvent
 1392              	.L221:
 1393 0074 3B07     	 lsls r3,r7,#28
 1394 0076 06D5     	 bpl .L222
 1395 0078 0620     	 movs r0,#6
 1396 007a D4F80032 	 ldr r3,[r4,#512]
 1397 007e 9847     	 blx r3
 1398 0080 0620     	 movs r0,#6
 1399 0082 FFF7FEFF 	 bl XMC_USBD_ClearEvent
 1400              	.L222:
 1401 0086 4FEA1568 	 lsr r8,r5,#24
 1402 008a 18F0800F 	 tst r8,#128
 1403 008e 06D0     	 beq .L223
 1404 0090 0820     	 movs r0,#8
 1405 0092 D4F80032 	 ldr r3,[r4,#512]
 1406 0096 9847     	 blx r3
 1407 0098 0820     	 movs r0,#8
 1408 009a FFF7FEFF 	 bl XMC_USBD_ClearEvent
 1409              	.L223:
 1410 009e 18F0400F 	 tst r8,#64
 1411 00a2 0CD0     	 beq .L224
 1412 00a4 94F8FE31 	 ldrb r3,[r4,#510]
 1413 00a8 43F00403 	 orr r3,r3,#4
 1414 00ac 84F8FE31 	 strb r3,[r4,#510]
 1415 00b0 0020     	 movs r0,#0
 1416 00b2 D4F80032 	 ldr r3,[r4,#512]
 1417 00b6 9847     	 blx r3
 1418 00b8 0020     	 movs r0,#0
 1419 00ba FFF7FEFF 	 bl XMC_USBD_ClearEvent
 1420              	.L224:
 1421 00be F806     	 lsls r0,r7,#27
 1422 00c0 5CD5     	 bpl .L225
 1423 00c2 D4F8A421 	 ldr r2,[r4,#420]
 1424 00c6 5368     	 ldr r3,[r2,#4]
 1425 00c8 43F00103 	 orr r3,r3,#1
 1426 00cc 5360     	 str r3,[r2,#4]
 1427 00ce 904B     	 ldr r3,.L319+4
 1428 00d0 03F11C00 	 add r0,r3,#28
 1429              	.L226:
 1430 00d4 53F8041F 	 ldr r1,[r3,#4]!
 1431 00d8 0A68     	 ldr r2,[r1]
 1432 00da 42F00062 	 orr r2,r2,#134217728
 1433 00de 6FF35552 	 bfc r2,#21,#1
 1434 00e2 8342     	 cmp r3,r0
 1435 00e4 0A60     	 str r2,[r1]
 1436 00e6 F5D1     	 bne .L226
 1437 00e8 D4F8A031 	 ldr r3,[r4,#416]
 1438 00ec 4021     	 movs r1,#64
 1439 00ee 4FF48012 	 mov r2,#1048576
 1440 00f2 61F30F02 	 bfi r2,r1,#0,#16
 1441 00f6 5962     	 str r1,[r3,#36]
 1442 00f8 9A62     	 str r2,[r3,#40]
 1443 00fa 864A     	 ldr r2,.L319+8
 1444 00fc C3F80421 	 str r2,[r3,#260]
 1445 0100 1032     	 adds r2,r2,#16
 1446 0102 C3F80821 	 str r2,[r3,#264]
 1447 0106 1032     	 adds r2,r2,#16
 1448 0108 C3F80C21 	 str r2,[r3,#268]
 1449 010c 1032     	 adds r2,r2,#16
 1450 010e C3F81021 	 str r2,[r3,#272]
 1451 0112 1032     	 adds r2,r2,#16
 1452 0114 C3F81421 	 str r2,[r3,#276]
 1453 0118 1032     	 adds r2,r2,#16
 1454 011a C3F81821 	 str r2,[r3,#280]
 1455 011e 1020     	 movs r0,#16
 1456 0120 FFF7FEFF 	 bl XMC_USBD_lFlushTXFifo
 1457 0124 0020     	 movs r0,#0
 1458 0126 FFF7FEFF 	 bl XMC_USBD_lFlushTXFifo
 1459 012a FFF7FEFF 	 bl XMC_USBD_lFlushRXFifo
 1460 012e D4F8A431 	 ldr r3,[r4,#420]
 1461 0132 4FF00112 	 mov r2,#65537
 1462 0136 DA61     	 str r2,[r3,#28]
 1463 0138 0F20     	 movs r0,#15
 1464 013a FFF7FEFF 	 bl XMC_USBD_EnableEventOUTEP
 1465 013e 0F20     	 movs r0,#15
 1466 0140 FFF7FEFF 	 bl XMC_USBD_EnableEventINEP
 1467 0144 D4F8A421 	 ldr r2,[r4,#420]
 1468 0148 1368     	 ldr r3,[r2]
 1469 014a 4FF00008 	 mov r8,#0
 1470 014e 68F30A13 	 bfi r3,r8,#4,#7
 1471 0152 1360     	 str r3,[r2]
 1472 0154 737B     	 ldrb r3,[r6,#13]
 1473 0156 012B     	 cmp r3,#1
 1474 0158 08BF     	 it eq
 1475 015a C2F83480 	 streq r8,[r2,#52]
 1476 015e 6368     	 ldr r3,[r4,#4]
 1477 0160 23F01003 	 bic r3,r3,#16
 1478 0164 6360     	 str r3,[r4,#4]
 1479 0166 6368     	 ldr r3,[r4,#4]
 1480 0168 23F00803 	 bic r3,r3,#8
 1481 016c 6360     	 str r3,[r4,#4]
 1482 016e 0420     	 movs r0,#4
 1483 0170 D4F80032 	 ldr r3,[r4,#512]
 1484 0174 9847     	 blx r3
 1485 0176 0420     	 movs r0,#4
 1486 0178 FFF7FEFF 	 bl XMC_USBD_ClearEvent
 1487              	.L225:
 1488 017c B906     	 lsls r1,r7,#26
 1489 017e 19D5     	 bpl .L228
 1490 0180 D4F8A821 	 ldr r2,[r4,#424]
 1491 0184 1368     	 ldr r3,[r2]
 1492 0186 6FF30A03 	 bfc r3,#0,#11
 1493 018a 1360     	 str r3,[r2]
 1494 018c 94F8FE31 	 ldrb r3,[r4,#510]
 1495 0190 43F00503 	 orr r3,r3,#5
 1496 0194 84F8FE31 	 strb r3,[r4,#510]
 1497 0198 0220     	 movs r0,#2
 1498 019a D4F80032 	 ldr r3,[r4,#512]
 1499 019e 9847     	 blx r3
 1500 01a0 D4F8A021 	 ldr r2,[r4,#416]
 1501 01a4 D368     	 ldr r3,[r2,#12]
 1502 01a6 0921     	 movs r1,#9
 1503 01a8 61F38D23 	 bfi r3,r1,#10,#4
 1504 01ac D360     	 str r3,[r2,#12]
 1505 01ae 0B20     	 movs r0,#11
 1506 01b0 FFF7FEFF 	 bl XMC_USBD_ClearEvent
 1507              	.L228:
 1508 01b4 C5F30747 	 ubfx r7,r5,#16,#8
 1509 01b8 7A07     	 lsls r2,r7,#29
 1510 01ba 40F1BB80 	 bpl .L229
 1511 01be D4F8A431 	 ldr r3,[r4,#420]
 1512 01c2 9A69     	 ldr r2,[r3,#24]
 1513 01c4 1B69     	 ldr r3,[r3,#16]
 1514 01c6 0193     	 str r3,[sp,#4]
 1515 01c8 4FF0000A 	 mov r10,#0
 1516 01cc 93B2     	 uxth r3,r2
 1517 01ce 0293     	 str r3,[sp,#8]
 1518 01d0 D046     	 mov r8,r10
 1519              	.L230:
 1520 01d2 029B     	 ldr r3,[sp,#8]
 1521 01d4 5FFA8AF4 	 uxtb r4,r10
 1522 01d8 2341     	 asrs r3,r3,r4
 1523 01da 00F0A880 	 beq .L317
 1524 01de DB07     	 lsls r3,r3,#31
 1525 01e0 40F1A280 	 bpl .L231
 1526 01e4 494A     	 ldr r2,.L319
 1527 01e6 04F16A03 	 add r3,r4,#106
 1528 01ea 4FF0340E 	 mov lr,#52
 1529 01ee 0EFB04FE 	 mul lr,lr,r4
 1530 01f2 52F82300 	 ldr r0,[r2,r3,lsl#2]
 1531 01f6 D2F8A431 	 ldr r3,[r2,#420]
 1532 01fa D0F808C0 	 ldr ip,[r0,#8]
 1533 01fe 5B6B     	 ldr r3,[r3,#52]
 1534 0200 02EB0E01 	 add r1,r2,lr
 1535 0204 12F80EE0 	 ldrb lr,[r2,lr]
 1536 0208 0EF00F09 	 and r9,lr,#15
 1537 020c 23FA09F3 	 lsr r3,r3,r9
 1538 0210 4FEAC319 	 lsl r9,r3,#7
 1539 0214 019B     	 ldr r3,[sp,#4]
 1540 0216 5FFA89F9 	 uxtb r9,r9
 1541 021a 49EA0309 	 orr r9,r9,r3
 1542 021e 737B     	 ldrb r3,[r6,#13]
 1543 0220 09EA0C09 	 and r9,r9,ip
 1544 0224 13B9     	 cbnz r3,.L232
 1545 0226 D0F81080 	 ldr r8,[r0,#16]
 1546 022a 3CE0     	 b .L233
 1547              	.L232:
 1548 022c 012B     	 cmp r3,#1
 1549 022e 3AD1     	 bne .L233
 1550 0230 19F0800F 	 tst r9,#128
 1551 0234 37D0     	 beq .L233
 1552 0236 0EF00F0E 	 and lr,lr,#15
 1553 023a 0EF17800 	 add r0,lr,#120
 1554 023e 0EF16A0E 	 add lr,lr,#106
 1555 0242 52F82000 	 ldr r0,[r2,r0,lsl#2]
 1556 0246 0390     	 str r0,[sp,#12]
 1557 0248 886A     	 ldr r0,[r1,#40]
 1558 024a C96A     	 ldr r1,[r1,#44]
 1559 024c 52F82E20 	 ldr r2,[r2,lr,lsl#2]
 1560 0250 401A     	 subs r0,r0,r1
 1561 0252 9269     	 ldr r2,[r2,#24]
 1562 0254 1DD0     	 beq .L234
 1563 0256 00F1030C 	 add ip,r0,#3
 1564 025a 92B2     	 uxth r2,r2
 1565 025c 4FEA9C0C 	 lsr ip,ip,#2
 1566 0260 9445     	 cmp ip,r2
 1567 0262 84BF     	 itt hi
 1568 0264 9000     	 lslhi r0,r2,#2
 1569 0266 9446     	 movhi ip,r2
 1570 0268 4FF0000B 	 mov fp,#0
 1571              	.L236:
 1572 026c E345     	 cmp fp,ip
 1573 026e 10D0     	 beq .L234
 1574 0270 2649     	 ldr r1,.L319
 1575 0272 3422     	 movs r2,#52
 1576 0274 02FB041E 	 mla lr,r2,r4,r1
 1577 0278 0BF1010B 	 add fp,fp,#1
 1578 027c DEF82410 	 ldr r1,[lr,#36]
 1579 0280 0A68     	 ldr r2,[r1]
 1580 0282 0399     	 ldr r1,[sp,#12]
 1581 0284 0A60     	 str r2,[r1]
 1582 0286 DEF82420 	 ldr r2,[lr,#36]
 1583 028a 0432     	 adds r2,r2,#4
 1584 028c CEF82420 	 str r2,[lr,#36]
 1585 0290 ECE7     	 b .L236
 1586              	.L234:
 1587 0292 1E4A     	 ldr r2,.L319
 1588 0294 3421     	 movs r1,#52
 1589 0296 01FB0421 	 mla r1,r1,r4,r2
 1590 029a CA6A     	 ldr r2,[r1,#44]
 1591 029c 0244     	 add r2,r2,r0
 1592 029e CA62     	 str r2,[r1,#44]
 1593 02a0 4A6A     	 ldr r2,[r1,#36]
 1594 02a2 0244     	 add r2,r2,r0
 1595 02a4 4A62     	 str r2,[r1,#36]
 1596              	.L233:
 1597 02a6 19F0010F 	 tst r9,#1
 1598 02aa 37D0     	 beq .L238
 1599 02ac 83B9     	 cbnz r3,.L240
 1600 02ae 28F06042 	 bic r2,r8,#-536870912
 1601 02b2 6AB9     	 cbnz r2,.L240
 1602 02b4 154A     	 ldr r2,.L319
 1603 02b6 3421     	 movs r1,#52
 1604 02b8 01FB0421 	 mla r1,r1,r4,r2
 1605 02bc D1F828E0 	 ldr lr,[r1,#40]
 1606 02c0 CA6A     	 ldr r2,[r1,#44]
 1607 02c2 486A     	 ldr r0,[r1,#36]
 1608 02c4 C1F82CE0 	 str lr,[r1,#44]
 1609 02c8 C2EB0E02 	 rsb r2,r2,lr
 1610 02cc 0244     	 add r2,r2,r0
 1611 02ce 4A62     	 str r2,[r1,#36]
 1612              	.L240:
 1613 02d0 DFF838E0 	 ldr lr,.L319
 1614 02d4 3420     	 movs r0,#52
 1615 02d6 00FB04E0 	 mla r0,r0,r4,lr
 1616 02da 016B     	 ldr r1,[r0,#48]
 1617 02dc 826A     	 ldr r2,[r0,#40]
 1618 02de 9142     	 cmp r1,r2
 1619 02e0 1AD1     	 bne .L242
 1620 02e2 4268     	 ldr r2,[r0,#4]
 1621 02e4 22F00802 	 bic r2,r2,#8
 1622 02e8 012B     	 cmp r3,#1
 1623 02ea 4260     	 str r2,[r0,#4]
 1624 02ec 01BF     	 itttt eq
 1625 02ee DEF8A421 	 ldreq r2,[lr,#420]
 1626 02f2 516B     	 ldreq r1,[r2,#52]
 1627 02f4 A340     	 lsleq r3,r3,r4
 1628 02f6 21EA0303 	 biceq r3,r1,r3
 1629 02fa 08BF     	 it eq
 1630 02fc 5363     	 streq r3,[r2,#52]
 1631 02fe 44F08000 	 orr r0,r4,#128
 1632 0302 DEF80432 	 ldr r3,[lr,#516]
 1633 0306 0221     	 movs r1,#2
 1634 0308 9847     	 blx r3
 1635 030a 07E0     	 b .L238
 1636              	.L320:
 1637              	 .align 2
 1638              	.L319:
 1639 030c 00000000 	 .word xmc_device
 1640 0310 C0010000 	 .word xmc_device+448
 1641 0314 50001000 	 .word 1048656
 1642              	.L242:
 1643 0318 FFF7FEFF 	 bl XMC_USBD_lStartWriteXfer
 1644              	.L238:
 1645 031c 6A34     	 adds r4,r4,#106
 1646 031e 564B     	 ldr r3,.L321
 1647 0320 53F82430 	 ldr r3,[r3,r4,lsl#2]
 1648 0324 C3F80890 	 str r9,[r3,#8]
 1649              	.L231:
 1650 0328 0AF1010A 	 add r10,r10,#1
 1651 032c 51E7     	 b .L230
 1652              	.L317:
 1653 032e 0E20     	 movs r0,#14
 1654 0330 FFF7FEFF 	 bl XMC_USBD_ClearEvent
 1655              	.L229:
 1656 0334 3807     	 lsls r0,r7,#28
 1657 0336 40F18780 	 bpl .L245
 1658 033a 4F4A     	 ldr r2,.L321
 1659 033c D2F8A411 	 ldr r1,[r2,#420]
 1660 0340 8B69     	 ldr r3,[r1,#24]
 1661 0342 CF69     	 ldr r7,[r1,#28]
 1662 0344 4969     	 ldr r1,[r1,#20]
 1663 0346 0191     	 str r1,[sp,#4]
 1664 0348 C3F30F43 	 ubfx r3,r3,#16,#16
 1665 034c 4FF00008 	 mov r8,#0
 1666 0350 03EA1747 	 and r7,r3,r7,lsr#16
 1667 0354 C246     	 mov r10,r8
 1668 0356 9346     	 mov fp,r2
 1669              	.L246:
 1670 0358 5FFA8AF4 	 uxtb r4,r10
 1671 035c 57FA04F3 	 asrs r3,r7,r4
 1672 0360 6FD0     	 beq .L318
 1673 0362 D907     	 lsls r1,r3,#31
 1674 0364 6AD5     	 bpl .L247
 1675 0366 0BEB8403 	 add r3,fp,r4,lsl#2
 1676 036a 019A     	 ldr r2,[sp,#4]
 1677 036c D3F8C411 	 ldr r1,[r3,#452]
 1678 0370 8B68     	 ldr r3,[r1,#8]
 1679 0372 03EA0209 	 and r9,r3,r2
 1680 0376 737B     	 ldrb r3,[r6,#13]
 1681 0378 0BB9     	 cbnz r3,.L248
 1682 037a D1F81080 	 ldr r8,[r1,#16]
 1683              	.L248:
 1684 037e 5FFA89FC 	 uxtb ip,r9
 1685 0382 1CF0080F 	 tst ip,#8
 1686 0386 29D0     	 beq .L249
 1687 0388 3420     	 movs r0,#52
 1688 038a 00FB04B0 	 mla r0,r0,r4,fp
 1689 038e 0179     	 ldrb r1,[r0,#4]
 1690 0390 6FF34511 	 bfc r1,#5,#1
 1691 0394 0171     	 strb r1,[r0,#4]
 1692 0396 2BB9     	 cbnz r3,.L250
 1693 0398 C8F34173 	 ubfx r3,r8,#29,#2
 1694 039c DB00     	 lsls r3,r3,#3
 1695 039e C3F11803 	 rsb r3,r3,#24
 1696 03a2 04E0     	 b .L316
 1697              	.L250:
 1698 03a4 012B     	 cmp r3,#1
 1699 03a6 03D1     	 bne .L251
 1700 03a8 C16A     	 ldr r1,[r0,#44]
 1701 03aa 0369     	 ldr r3,[r0,#16]
 1702 03ac 0B44     	 add r3,r3,r1
 1703              	.L316:
 1704 03ae 0361     	 str r3,[r0,#16]
 1705              	.L251:
 1706 03b0 3423     	 movs r3,#52
 1707 03b2 03FB04B3 	 mla r3,r3,r4,fp
 1708 03b6 CDF808C0 	 str ip,[sp,#8]
 1709 03ba 5968     	 ldr r1,[r3,#4]
 1710 03bc 21F01001 	 bic r1,r1,#16
 1711 03c0 5960     	 str r1,[r3,#4]
 1712 03c2 0020     	 movs r0,#0
 1713 03c4 DBF80432 	 ldr r3,[fp,#516]
 1714 03c8 0146     	 mov r1,r0
 1715 03ca 9847     	 blx r3
 1716 03cc 0BEB8403 	 add r3,fp,r4,lsl#2
 1717 03d0 0821     	 movs r1,#8
 1718 03d2 D3F8C431 	 ldr r3,[r3,#452]
 1719 03d6 DDF808C0 	 ldr ip,[sp,#8]
 1720 03da 9960     	 str r1,[r3,#8]
 1721              	.L249:
 1722 03dc 1CF0010F 	 tst ip,#1
 1723 03e0 26D0     	 beq .L252
 1724 03e2 737B     	 ldrb r3,[r6,#13]
 1725 03e4 73B9     	 cbnz r3,.L253
 1726 03e6 3423     	 movs r3,#52
 1727 03e8 03FB04B3 	 mla r3,r3,r4,fp
 1728 03ec C8F3120C 	 ubfx ip,r8,#0,#19
 1729 03f0 D96A     	 ldr r1,[r3,#44]
 1730 03f2 986A     	 ldr r0,[r3,#40]
 1731 03f4 401A     	 subs r0,r0,r1
 1732 03f6 CCEB0000 	 rsb r0,ip,r0
 1733 03fa 0144     	 add r1,r1,r0
 1734 03fc D962     	 str r1,[r3,#44]
 1735 03fe 596A     	 ldr r1,[r3,#36]
 1736 0400 0144     	 add r1,r1,r0
 1737 0402 5962     	 str r1,[r3,#36]
 1738              	.L253:
 1739 0404 3420     	 movs r0,#52
 1740 0406 00FB04B0 	 mla r0,r0,r4,fp
 1741 040a 016B     	 ldr r1,[r0,#48]
 1742 040c 836A     	 ldr r3,[r0,#40]
 1743 040e 9942     	 cmp r1,r3
 1744 0410 0CD1     	 bne .L254
 1745 0412 C36A     	 ldr r3,[r0,#44]
 1746 0414 0361     	 str r3,[r0,#16]
 1747 0416 4368     	 ldr r3,[r0,#4]
 1748 0418 23F01003 	 bic r3,r3,#16
 1749 041c 4360     	 str r3,[r0,#4]
 1750 041e 164B     	 ldr r3,.L321
 1751 0420 2046     	 mov r0,r4
 1752 0422 D3F80432 	 ldr r3,[r3,#516]
 1753 0426 0121     	 movs r1,#1
 1754 0428 9847     	 blx r3
 1755 042a 01E0     	 b .L252
 1756              	.L254:
 1757 042c FFF7FEFF 	 bl XMC_USBD_lStartReadXfer
 1758              	.L252:
 1759 0430 0BEB8404 	 add r4,fp,r4,lsl#2
 1760 0434 D4F8C431 	 ldr r3,[r4,#452]
 1761 0438 C3F80890 	 str r9,[r3,#8]
 1762              	.L247:
 1763 043c 0AF1010A 	 add r10,r10,#1
 1764 0440 8AE7     	 b .L246
 1765              	.L318:
 1766 0442 0D20     	 movs r0,#13
 1767 0444 FFF7FEFF 	 bl XMC_USBD_ClearEvent
 1768              	.L245:
 1769 0448 6A07     	 lsls r2,r5,#29
 1770 044a 12D5     	 bpl .L215
 1771 044c 0A4C     	 ldr r4,.L321
 1772 044e D4F8A031 	 ldr r3,[r4,#416]
 1773 0452 5D68     	 ldr r5,[r3,#4]
 1774 0454 6B07     	 lsls r3,r5,#29
 1775 0456 09D5     	 bpl .L257
 1776 0458 94F8FE31 	 ldrb r3,[r4,#510]
 1777 045c 6FF38203 	 bfc r3,#2,#1
 1778 0460 84F8FE31 	 strb r3,[r4,#510]
 1779 0464 0120     	 movs r0,#1
 1780 0466 D4F80032 	 ldr r3,[r4,#512]
 1781 046a 9847     	 blx r3
 1782              	.L257:
 1783 046c D4F8A031 	 ldr r3,[r4,#416]
 1784 0470 5D60     	 str r5,[r3,#4]
 1785              	.L215:
 1786 0472 05B0     	 add sp,sp,#20
 1787              	 
 1788 0474 BDE8F08F 	 pop {r4,r5,r6,r7,r8,r9,r10,fp,pc}
 1789              	.L322:
 1790              	 .align 2
 1791              	.L321:
 1792 0478 00000000 	 .word xmc_device
 1794              	 .global Driver_USBD0
 1795              	 .comm xmc_device,520,4
 1796              	 .section .rodata.Driver_USBD0,"a",%progbits
 1797              	 .align 2
 1800              	Driver_USBD0:
 1801 0000 00000000 	 .word XMC_USBD_GetCapabilities
 1802 0004 00000000 	 .word XMC_USBD_Init
 1803 0008 00000000 	 .word XMC_USBD_Uninitialize
 1804 000c 00000000 	 .word XMC_USBD_DeviceConnect
 1805 0010 00000000 	 .word XMC_USBD_DeviceDisconnect
 1806 0014 00000000 	 .word XMC_USBD_DeviceGetState
 1807 0018 00000000 	 .word XMC_USBD_DeviceSetAddress
 1808 001c 00000000 	 .word XMC_USBD_EndpointConfigure
 1809 0020 00000000 	 .word XMC_USBD_EndpointUnconfigure
 1810 0024 00000000 	 .word XMC_USBD_EndpointStall
 1811 0028 00000000 	 .word XMC_USBD_EndpointReadStart
 1812 002c 00000000 	 .word XMC_USBD_EndpointRead
 1813 0030 00000000 	 .word XMC_USBD_EndpointWrite
 1814 0034 00000000 	 .word XMC_USBD_EndpointAbort
 1815 0038 00000000 	 .word XMC_USBD_GetFrameNumber
 1816 003c 00000000 	 .word XMC_USBD_IsEnumDone
 1817              	 .section USB_RAM,"aw",%progbits
 1818              	 .align 2
 1819              	 .set .LANCHOR1,.+0
 1822              	XMC_USBD_EP_IN_BUFFER:
 1823 0000 00000000 	 .space 1792
 1823      00000000 
 1823      00000000 
 1823      00000000 
 1823      00000000 
 1826              	XMC_USBD_EP_OUT_BUFFER:
 1827 0700 00000000 	 .space 1792
 1827      00000000 
 1827      00000000 
 1827      00000000 
 1827      00000000 
 1828              	 .section .bss.usbd_init,"aw",%nobits
 1829              	 .align 2
 1830              	 .set .LANCHOR0,.+0
 1833              	usbd_init:
 1834 0000 00000000 	 .space 4
 1835              	 .section .bss.XMC_USBD_EP_OUT_BUFFERSIZE,"aw",%nobits
 1836              	 .align 2
 1837              	 .set .LANCHOR3,.+0
 1840              	XMC_USBD_EP_OUT_BUFFERSIZE:
 1841 0000 00000000 	 .space 28
 1841      00000000 
 1841      00000000 
 1841      00000000 
 1841      00000000 
 1842              	 .section .bss.XMC_USBD_EP_IN_BUFFERSIZE,"aw",%nobits
 1843              	 .align 2
 1844              	 .set .LANCHOR2,.+0
 1847              	XMC_USBD_EP_IN_BUFFERSIZE:
 1848 0000 00000000 	 .space 28
 1848      00000000 
 1848      00000000 
 1848      00000000 
 1848      00000000 
 1849              	 .ident "GCC: (GNU Tools for ARM Embedded Processors) 4.9.3 20141119 (release) [ARM/embedded-4_9-branch revision 218278]"
DEFINED SYMBOLS
                            *ABS*:00000000 xmc_usbd.c
    {standard input}:17     .text.XMC_USBD_lReadFifo:00000000 $t
    {standard input}:21     .text.XMC_USBD_lReadFifo:00000000 XMC_USBD_lReadFifo
    {standard input}:86     .text.XMC_USBD_lReadFifo:00000080 $d
                            *COM*:00000208 xmc_device
    {standard input}:89     .text.XMC_USBD_lFlushTXFifo:00000000 $t
    {standard input}:93     .text.XMC_USBD_lFlushTXFifo:00000000 XMC_USBD_lFlushTXFifo
    {standard input}:124    .text.XMC_USBD_lFlushTXFifo:00000038 $d
    {standard input}:127    .text.XMC_USBD_lFlushRXFifo:00000000 $t
    {standard input}:131    .text.XMC_USBD_lFlushRXFifo:00000000 XMC_USBD_lFlushRXFifo
    {standard input}:157    .text.XMC_USBD_lFlushRXFifo:00000028 $d
    {standard input}:160    .text.XMC_USBD_lStartReadXfer:00000000 $t
    {standard input}:164    .text.XMC_USBD_lStartReadXfer:00000000 XMC_USBD_lStartReadXfer
    {standard input}:228    .text.XMC_USBD_lStartReadXfer:00000090 $d
    {standard input}:232    .text.XMC_USBD_lStartWriteXfer:00000000 $t
    {standard input}:236    .text.XMC_USBD_lStartWriteXfer:00000000 XMC_USBD_lStartWriteXfer
    {standard input}:310    .text.XMC_USBD_lStartWriteXfer:000000b8 $d
    {standard input}:314    .text.XMC_USBD_GetCapabilities:00000000 $t
    {standard input}:319    .text.XMC_USBD_GetCapabilities:00000000 XMC_USBD_GetCapabilities
    {standard input}:333    .text.XMC_USBD_DeviceConnect:00000000 $t
    {standard input}:338    .text.XMC_USBD_DeviceConnect:00000000 XMC_USBD_DeviceConnect
    {standard input}:352    .text.XMC_USBD_DeviceConnect:00000014 $d
    {standard input}:355    .text.XMC_USBD_DeviceDisconnect:00000000 $t
    {standard input}:360    .text.XMC_USBD_DeviceDisconnect:00000000 XMC_USBD_DeviceDisconnect
    {standard input}:374    .text.XMC_USBD_DeviceDisconnect:00000014 $d
    {standard input}:377    .text.XMC_USBD_EndpointReadStart:00000000 $t
    {standard input}:382    .text.XMC_USBD_EndpointReadStart:00000000 XMC_USBD_EndpointReadStart
    {standard input}:415    .text.XMC_USBD_EndpointReadStart:0000003c $d
    {standard input}:418    .text.XMC_USBD_DeviceSetAddress:00000000 $t
    {standard input}:423    .text.XMC_USBD_DeviceSetAddress:00000000 XMC_USBD_DeviceSetAddress
    {standard input}:439    .text.XMC_USBD_DeviceSetAddress:00000014 $d
    {standard input}:442    .text.XMC_USBD_EndpointStall:00000000 $t
    {standard input}:447    .text.XMC_USBD_EndpointStall:00000000 XMC_USBD_EndpointStall
    {standard input}:499    .text.XMC_USBD_EndpointStall:00000078 $d
    {standard input}:502    .text.XMC_USBD_EndpointAbort:00000000 $t
    {standard input}:507    .text.XMC_USBD_EndpointAbort:00000000 XMC_USBD_EndpointAbort
    {standard input}:546    .text.XMC_USBD_EndpointAbort:0000004c $d
    {standard input}:549    .text.XMC_USBD_EndpointUnconfigure:00000000 $t
    {standard input}:554    .text.XMC_USBD_EndpointUnconfigure:00000000 XMC_USBD_EndpointUnconfigure
    {standard input}:638    .text.XMC_USBD_EndpointUnconfigure:000000e8 $d
    {standard input}:642    .text.XMC_USBD_GetFrameNumber:00000000 $t
    {standard input}:647    .text.XMC_USBD_GetFrameNumber:00000000 XMC_USBD_GetFrameNumber
    {standard input}:659    .text.XMC_USBD_GetFrameNumber:00000010 $d
    {standard input}:662    .text.XMC_USBD_IsEnumDone:00000000 $t
    {standard input}:667    .text.XMC_USBD_IsEnumDone:00000000 XMC_USBD_IsEnumDone
    {standard input}:681    .text.XMC_USBD_IsEnumDone:00000014 $d
    {standard input}:684    .text.XMC_USBD_Uninitialize:00000000 $t
    {standard input}:689    .text.XMC_USBD_Uninitialize:00000000 XMC_USBD_Uninitialize
    {standard input}:706    .text.XMC_USBD_Uninitialize:00000020 $d
    {standard input}:709    .text.XMC_USBD_EndpointConfigure:00000000 $t
    {standard input}:714    .text.XMC_USBD_EndpointConfigure:00000000 XMC_USBD_EndpointConfigure
    {standard input}:893    .text.XMC_USBD_EndpointConfigure:000001b4 $d
    {standard input}:899    .text.XMC_USBD_EndpointRead:00000000 $t
    {standard input}:904    .text.XMC_USBD_EndpointRead:00000000 XMC_USBD_EndpointRead
    {standard input}:934    .text.XMC_USBD_EndpointRead:00000034 $d
    {standard input}:937    .text.XMC_USBD_EndpointWrite:00000000 $t
    {standard input}:942    .text.XMC_USBD_EndpointWrite:00000000 XMC_USBD_EndpointWrite
    {standard input}:985    .text.XMC_USBD_EndpointWrite:00000050 $d
    {standard input}:988    .text.XMC_USBD_DeviceGetState:00000000 $t
    {standard input}:993    .text.XMC_USBD_DeviceGetState:00000000 XMC_USBD_DeviceGetState
    {standard input}:1036   .text.XMC_USBD_DeviceGetState:00000058 $d
    {standard input}:1039   .text.XMC_USBD_Enable:00000000 $t
    {standard input}:1044   .text.XMC_USBD_Enable:00000000 XMC_USBD_Enable
    {standard input}:1058   .text.XMC_USBD_Enable:00000018 $d
    {standard input}:1061   .text.XMC_USBD_Init:00000000 $t
    {standard input}:1066   .text.XMC_USBD_Init:00000000 XMC_USBD_Init
    {standard input}:1162   .text.XMC_USBD_Init:000000f0 $d
    {standard input}:1172   .text.XMC_USBD_Disable:00000000 $t
    {standard input}:1177   .text.XMC_USBD_Disable:00000000 XMC_USBD_Disable
    {standard input}:1191   .text.XMC_USBD_Disable:00000018 $d
    {standard input}:1194   .text.XMC_USBD_ClearEvent:00000000 $t
    {standard input}:1199   .text.XMC_USBD_ClearEvent:00000000 XMC_USBD_ClearEvent
    {standard input}:1208   .text.XMC_USBD_ClearEvent:0000000a $d
    {standard input}:1222   .text.XMC_USBD_ClearEvent:00000018 $t
    {standard input}:1254   .text.XMC_USBD_ClearEvent:00000050 $d
    {standard input}:1257   .text.XMC_USBD_ClearEventINEP:00000000 $t
    {standard input}:1262   .text.XMC_USBD_ClearEventINEP:00000000 XMC_USBD_ClearEventINEP
    {standard input}:1274   .text.XMC_USBD_ClearEventINEP:0000000c $d
    {standard input}:1277   .text.XMC_USBD_ClearEventOUTEP:00000000 $t
    {standard input}:1282   .text.XMC_USBD_ClearEventOUTEP:00000000 XMC_USBD_ClearEventOUTEP
    {standard input}:1294   .text.XMC_USBD_ClearEventOUTEP:00000010 $d
    {standard input}:1297   .text.XMC_USBD_EnableEventOUTEP:00000000 $t
    {standard input}:1302   .text.XMC_USBD_EnableEventOUTEP:00000000 XMC_USBD_EnableEventOUTEP
    {standard input}:1315   .text.XMC_USBD_EnableEventOUTEP:00000010 $d
    {standard input}:1318   .text.XMC_USBD_EnableEventINEP:00000000 $t
    {standard input}:1323   .text.XMC_USBD_EnableEventINEP:00000000 XMC_USBD_EnableEventINEP
    {standard input}:1336   .text.XMC_USBD_EnableEventINEP:00000010 $d
    {standard input}:1339   .text.XMC_USBD_IRQHandler:00000000 $t
    {standard input}:1344   .text.XMC_USBD_IRQHandler:00000000 XMC_USBD_IRQHandler
    {standard input}:1639   .text.XMC_USBD_IRQHandler:0000030c $d
    {standard input}:1643   .text.XMC_USBD_IRQHandler:00000318 $t
    {standard input}:1792   .text.XMC_USBD_IRQHandler:00000478 $d
    {standard input}:1800   .rodata.Driver_USBD0:00000000 Driver_USBD0
    {standard input}:1797   .rodata.Driver_USBD0:00000000 $d
    {standard input}:1818   USB_RAM:00000000 $d
    {standard input}:1822   USB_RAM:00000000 XMC_USBD_EP_IN_BUFFER
    {standard input}:1826   USB_RAM:00000700 XMC_USBD_EP_OUT_BUFFER
    {standard input}:1829   .bss.usbd_init:00000000 $d
    {standard input}:1833   .bss.usbd_init:00000000 usbd_init
    {standard input}:1836   .bss.XMC_USBD_EP_OUT_BUFFERSIZE:00000000 $d
    {standard input}:1840   .bss.XMC_USBD_EP_OUT_BUFFERSIZE:00000000 XMC_USBD_EP_OUT_BUFFERSIZE
    {standard input}:1843   .bss.XMC_USBD_EP_IN_BUFFERSIZE:00000000 $d
    {standard input}:1847   .bss.XMC_USBD_EP_IN_BUFFERSIZE:00000000 XMC_USBD_EP_IN_BUFFERSIZE

UNDEFINED SYMBOLS
memset
memcpy
XMC_SCU_CLOCK_UngatePeripheralClock
XMC_SCU_RESET_DeassertPeripheralReset
XMC_SCU_POWER_EnableUsb
XMC_SCU_RESET_AssertPeripheralReset
XMC_SCU_CLOCK_GatePeripheralClock
XMC_SCU_POWER_DisableUsb
